CRITICAL - 2022-07-08 09:29:00 --> Call to undefined function Config\getSegmentValue()
#0 /Applications/XAMPP/xamppfiles/htdocs/ci44/app/Config/Globals.php(108): Config\Globals::setGlobals()
#1 /Applications/XAMPP/xamppfiles/htdocs/ci44/system/Autoloader/Autoloader.php(264): include_once('/Applications/X...')
#2 /Applications/XAMPP/xamppfiles/htdocs/ci44/system/Autoloader/Autoloader.php(241): CodeIgniter\Autoloader\Autoloader->includeFile('/Applications/X...')
#3 /Applications/XAMPP/xamppfiles/htdocs/ci44/system/Autoloader/Autoloader.php(219): CodeIgniter\Autoloader\Autoloader->loadInNamespace('Config\\Globals')
#4 /Applications/XAMPP/xamppfiles/htdocs/ci44/app/Config/Routes.php(7): CodeIgniter\Autoloader\Autoloader->loadClass('Config\\Globals')
#5 /Applications/XAMPP/xamppfiles/htdocs/ci44/system/CodeIgniter.php(712): require('/Applications/X...')
#6 /Applications/XAMPP/xamppfiles/htdocs/ci44/system/CodeIgniter.php(367): CodeIgniter\CodeIgniter->tryToRouteIt(Object(CodeIgniter\Router\RouteCollection))
#7 /Applications/XAMPP/xamppfiles/htdocs/ci44/system/CodeIgniter.php(325): CodeIgniter\CodeIgniter->handleRequest(NULL, Object(Config\Cache), false)
#8 /Applications/XAMPP/xamppfiles/htdocs/ci44/index.php(47): CodeIgniter\CodeIgniter->run()
#9 {main}
CRITICAL - 2022-07-08 09:29:02 --> Call to undefined function Config\getSegmentValue()
#0 /Applications/XAMPP/xamppfiles/htdocs/ci44/app/Config/Globals.php(108): Config\Globals::setGlobals()
#1 /Applications/XAMPP/xamppfiles/htdocs/ci44/system/Autoloader/Autoloader.php(264): include_once('/Applications/X...')
#2 /Applications/XAMPP/xamppfiles/htdocs/ci44/system/Autoloader/Autoloader.php(241): CodeIgniter\Autoloader\Autoloader->includeFile('/Applications/X...')
#3 /Applications/XAMPP/xamppfiles/htdocs/ci44/system/Autoloader/Autoloader.php(219): CodeIgniter\Autoloader\Autoloader->loadInNamespace('Config\\Globals')
#4 /Applications/XAMPP/xamppfiles/htdocs/ci44/app/Config/Routes.php(7): CodeIgniter\Autoloader\Autoloader->loadClass('Config\\Globals')
#5 /Applications/XAMPP/xamppfiles/htdocs/ci44/system/CodeIgniter.php(712): require('/Applications/X...')
#6 /Applications/XAMPP/xamppfiles/htdocs/ci44/system/CodeIgniter.php(367): CodeIgniter\CodeIgniter->tryToRouteIt(Object(CodeIgniter\Router\RouteCollection))
#7 /Applications/XAMPP/xamppfiles/htdocs/ci44/system/CodeIgniter.php(325): CodeIgniter\CodeIgniter->handleRequest(NULL, Object(Config\Cache), false)
#8 /Applications/XAMPP/xamppfiles/htdocs/ci44/index.php(47): CodeIgniter\CodeIgniter->run()
#9 {main}
CRITICAL - 2022-07-08 09:29:43 --> Call to undefined function Config\getSegmentValue()
#0 /Applications/XAMPP/xamppfiles/htdocs/ci44/app/Config/Globals.php(108): Config\Globals::setGlobals()
#1 /Applications/XAMPP/xamppfiles/htdocs/ci44/system/Autoloader/Autoloader.php(264): include_once('/Applications/X...')
#2 /Applications/XAMPP/xamppfiles/htdocs/ci44/system/Autoloader/Autoloader.php(241): CodeIgniter\Autoloader\Autoloader->includeFile('/Applications/X...')
#3 /Applications/XAMPP/xamppfiles/htdocs/ci44/system/Autoloader/Autoloader.php(219): CodeIgniter\Autoloader\Autoloader->loadInNamespace('Config\\Globals')
#4 /Applications/XAMPP/xamppfiles/htdocs/ci44/app/Config/Routes.php(7): CodeIgniter\Autoloader\Autoloader->loadClass('Config\\Globals')
#5 /Applications/XAMPP/xamppfiles/htdocs/ci44/system/CodeIgniter.php(712): require('/Applications/X...')
#6 /Applications/XAMPP/xamppfiles/htdocs/ci44/system/CodeIgniter.php(367): CodeIgniter\CodeIgniter->tryToRouteIt(Object(CodeIgniter\Router\RouteCollection))
#7 /Applications/XAMPP/xamppfiles/htdocs/ci44/system/CodeIgniter.php(325): CodeIgniter\CodeIgniter->handleRequest(NULL, Object(Config\Cache), false)
#8 /Applications/XAMPP/xamppfiles/htdocs/ci44/index.php(47): CodeIgniter\CodeIgniter->run()
#9 {main}
CRITICAL - 2022-07-08 09:29:49 --> Call to undefined function Config\getSegmentValue()
#0 /Applications/XAMPP/xamppfiles/htdocs/ci44/app/Config/Globals.php(108): Config\Globals::setGlobals()
#1 /Applications/XAMPP/xamppfiles/htdocs/ci44/system/Autoloader/Autoloader.php(264): include_once('/Applications/X...')
#2 /Applications/XAMPP/xamppfiles/htdocs/ci44/system/Autoloader/Autoloader.php(241): CodeIgniter\Autoloader\Autoloader->includeFile('/Applications/X...')
#3 /Applications/XAMPP/xamppfiles/htdocs/ci44/system/Autoloader/Autoloader.php(219): CodeIgniter\Autoloader\Autoloader->loadInNamespace('Config\\Globals')
#4 /Applications/XAMPP/xamppfiles/htdocs/ci44/app/Config/Routes.php(7): CodeIgniter\Autoloader\Autoloader->loadClass('Config\\Globals')
#5 /Applications/XAMPP/xamppfiles/htdocs/ci44/system/CodeIgniter.php(712): require('/Applications/X...')
#6 /Applications/XAMPP/xamppfiles/htdocs/ci44/system/CodeIgniter.php(367): CodeIgniter\CodeIgniter->tryToRouteIt(Object(CodeIgniter\Router\RouteCollection))
#7 /Applications/XAMPP/xamppfiles/htdocs/ci44/system/CodeIgniter.php(325): CodeIgniter\CodeIgniter->handleRequest(NULL, Object(Config\Cache), false)
#8 /Applications/XAMPP/xamppfiles/htdocs/ci44/index.php(47): CodeIgniter\CodeIgniter->run()
#9 {main}
CRITICAL - 2022-07-08 09:29:56 --> Call to undefined function Config\getSegmentValue()
#0 /Applications/XAMPP/xamppfiles/htdocs/ci44/app/Config/Globals.php(108): Config\Globals::setGlobals()
#1 /Applications/XAMPP/xamppfiles/htdocs/ci44/system/Autoloader/Autoloader.php(264): include_once('/Applications/X...')
#2 /Applications/XAMPP/xamppfiles/htdocs/ci44/system/Autoloader/Autoloader.php(241): CodeIgniter\Autoloader\Autoloader->includeFile('/Applications/X...')
#3 /Applications/XAMPP/xamppfiles/htdocs/ci44/system/Autoloader/Autoloader.php(219): CodeIgniter\Autoloader\Autoloader->loadInNamespace('Config\\Globals')
#4 /Applications/XAMPP/xamppfiles/htdocs/ci44/app/Config/Routes.php(7): CodeIgniter\Autoloader\Autoloader->loadClass('Config\\Globals')
#5 /Applications/XAMPP/xamppfiles/htdocs/ci44/system/CodeIgniter.php(712): require('/Applications/X...')
#6 /Applications/XAMPP/xamppfiles/htdocs/ci44/system/CodeIgniter.php(367): CodeIgniter\CodeIgniter->tryToRouteIt(Object(CodeIgniter\Router\RouteCollection))
#7 /Applications/XAMPP/xamppfiles/htdocs/ci44/system/CodeIgniter.php(325): CodeIgniter\CodeIgniter->handleRequest(NULL, Object(Config\Cache), false)
#8 /Applications/XAMPP/xamppfiles/htdocs/ci44/index.php(47): CodeIgniter\CodeIgniter->run()
#9 {main}
CRITICAL - 2022-07-08 09:30:03 --> Call to undefined function Config\getSegmentValue()
#0 /Applications/XAMPP/xamppfiles/htdocs/ci44/app/Config/Globals.php(108): Config\Globals::setGlobals()
#1 /Applications/XAMPP/xamppfiles/htdocs/ci44/system/Autoloader/Autoloader.php(264): include_once('/Applications/X...')
#2 /Applications/XAMPP/xamppfiles/htdocs/ci44/system/Autoloader/Autoloader.php(241): CodeIgniter\Autoloader\Autoloader->includeFile('/Applications/X...')
#3 /Applications/XAMPP/xamppfiles/htdocs/ci44/system/Autoloader/Autoloader.php(219): CodeIgniter\Autoloader\Autoloader->loadInNamespace('Config\\Globals')
#4 /Applications/XAMPP/xamppfiles/htdocs/ci44/app/Config/Routes.php(7): CodeIgniter\Autoloader\Autoloader->loadClass('Config\\Globals')
#5 /Applications/XAMPP/xamppfiles/htdocs/ci44/system/CodeIgniter.php(712): require('/Applications/X...')
#6 /Applications/XAMPP/xamppfiles/htdocs/ci44/system/CodeIgniter.php(367): CodeIgniter\CodeIgniter->tryToRouteIt(Object(CodeIgniter\Router\RouteCollection))
#7 /Applications/XAMPP/xamppfiles/htdocs/ci44/system/CodeIgniter.php(325): CodeIgniter\CodeIgniter->handleRequest(NULL, Object(Config\Cache), false)
#8 /Applications/XAMPP/xamppfiles/htdocs/ci44/index.php(47): CodeIgniter\CodeIgniter->run()
#9 {main}
CRITICAL - 2022-07-08 09:30:11 --> Call to undefined function Config\getSegmentValue()
#0 /Applications/XAMPP/xamppfiles/htdocs/ci44/app/Config/Globals.php(108): Config\Globals::setGlobals()
#1 /Applications/XAMPP/xamppfiles/htdocs/ci44/system/Autoloader/Autoloader.php(264): include_once('/Applications/X...')
#2 /Applications/XAMPP/xamppfiles/htdocs/ci44/system/Autoloader/Autoloader.php(241): CodeIgniter\Autoloader\Autoloader->includeFile('/Applications/X...')
#3 /Applications/XAMPP/xamppfiles/htdocs/ci44/system/Autoloader/Autoloader.php(219): CodeIgniter\Autoloader\Autoloader->loadInNamespace('Config\\Globals')
#4 /Applications/XAMPP/xamppfiles/htdocs/ci44/app/Config/Routes.php(7): CodeIgniter\Autoloader\Autoloader->loadClass('Config\\Globals')
#5 /Applications/XAMPP/xamppfiles/htdocs/ci44/system/CodeIgniter.php(712): require('/Applications/X...')
#6 /Applications/XAMPP/xamppfiles/htdocs/ci44/system/CodeIgniter.php(367): CodeIgniter\CodeIgniter->tryToRouteIt(Object(CodeIgniter\Router\RouteCollection))
#7 /Applications/XAMPP/xamppfiles/htdocs/ci44/system/CodeIgniter.php(325): CodeIgniter\CodeIgniter->handleRequest(NULL, Object(Config\Cache), false)
#8 /Applications/XAMPP/xamppfiles/htdocs/ci44/index.php(47): CodeIgniter\CodeIgniter->run()
#9 {main}
CRITICAL - 2022-07-08 09:30:18 --> Call to undefined function Config\getSegmentValue()
#0 /Applications/XAMPP/xamppfiles/htdocs/ci44/app/Config/Globals.php(108): Config\Globals::setGlobals()
#1 /Applications/XAMPP/xamppfiles/htdocs/ci44/system/Autoloader/Autoloader.php(264): include_once('/Applications/X...')
#2 /Applications/XAMPP/xamppfiles/htdocs/ci44/system/Autoloader/Autoloader.php(241): CodeIgniter\Autoloader\Autoloader->includeFile('/Applications/X...')
#3 /Applications/XAMPP/xamppfiles/htdocs/ci44/system/Autoloader/Autoloader.php(219): CodeIgniter\Autoloader\Autoloader->loadInNamespace('Config\\Globals')
#4 /Applications/XAMPP/xamppfiles/htdocs/ci44/app/Config/Routes.php(7): CodeIgniter\Autoloader\Autoloader->loadClass('Config\\Globals')
#5 /Applications/XAMPP/xamppfiles/htdocs/ci44/system/CodeIgniter.php(712): require('/Applications/X...')
#6 /Applications/XAMPP/xamppfiles/htdocs/ci44/system/CodeIgniter.php(367): CodeIgniter\CodeIgniter->tryToRouteIt(Object(CodeIgniter\Router\RouteCollection))
#7 /Applications/XAMPP/xamppfiles/htdocs/ci44/system/CodeIgniter.php(325): CodeIgniter\CodeIgniter->handleRequest(NULL, Object(Config\Cache), false)
#8 /Applications/XAMPP/xamppfiles/htdocs/ci44/index.php(47): CodeIgniter\CodeIgniter->run()
#9 {main}
CRITICAL - 2022-07-08 00:44:17 --> Invalid file: {0}
#0 /Applications/XAMPP/xamppfiles/htdocs/ci44/system/View/View.php(198): CodeIgniter\Exceptions\FrameworkException::forInvalidFile('welcome_message...')
#1 /Applications/XAMPP/xamppfiles/htdocs/ci44/system/Common.php(1089): CodeIgniter\View\View->render('welcome_message', Array, true)
#2 /Applications/XAMPP/xamppfiles/htdocs/ci44/app/Controllers/Home.php(9): view('welcome_message')
#3 /Applications/XAMPP/xamppfiles/htdocs/ci44/system/CodeIgniter.php(831): App\Controllers\Home->index()
#4 /Applications/XAMPP/xamppfiles/htdocs/ci44/system/CodeIgniter.php(418): CodeIgniter\CodeIgniter->runController(Object(App\Controllers\Home))
#5 /Applications/XAMPP/xamppfiles/htdocs/ci44/system/CodeIgniter.php(325): CodeIgniter\CodeIgniter->handleRequest(NULL, Object(Config\Cache), false)
#6 /Applications/XAMPP/xamppfiles/htdocs/ci44/index.php(47): CodeIgniter\CodeIgniter->run()
#7 {main}
CRITICAL - 2022-07-08 00:44:53 --> Invalid file: {0}
#0 /Applications/XAMPP/xamppfiles/htdocs/ci44/system/View/View.php(198): CodeIgniter\Exceptions\FrameworkException::forInvalidFile('welcome_message...')
#1 /Applications/XAMPP/xamppfiles/htdocs/ci44/system/Common.php(1089): CodeIgniter\View\View->render('welcome_message', Array, true)
#2 /Applications/XAMPP/xamppfiles/htdocs/ci44/app/Controllers/Home.php(9): view('welcome_message')
#3 /Applications/XAMPP/xamppfiles/htdocs/ci44/system/CodeIgniter.php(831): App\Controllers\Home->index()
#4 /Applications/XAMPP/xamppfiles/htdocs/ci44/system/CodeIgniter.php(418): CodeIgniter\CodeIgniter->runController(Object(App\Controllers\Home))
#5 /Applications/XAMPP/xamppfiles/htdocs/ci44/system/CodeIgniter.php(325): CodeIgniter\CodeIgniter->handleRequest(NULL, Object(Config\Cache), false)
#6 /Applications/XAMPP/xamppfiles/htdocs/ci44/index.php(47): CodeIgniter\CodeIgniter->run()
#7 {main}
CRITICAL - 2022-07-08 00:46:09 --> Invalid file: {0}
#0 /Applications/XAMPP/xamppfiles/htdocs/ci44/system/View/View.php(198): CodeIgniter\Exceptions\FrameworkException::forInvalidFile('welcome_message...')
#1 /Applications/XAMPP/xamppfiles/htdocs/ci44/system/Common.php(1089): CodeIgniter\View\View->render('welcome_message', Array, true)
#2 /Applications/XAMPP/xamppfiles/htdocs/ci44/app/Controllers/Home.php(9): view('welcome_message')
#3 /Applications/XAMPP/xamppfiles/htdocs/ci44/system/CodeIgniter.php(831): App\Controllers\Home->index()
#4 /Applications/XAMPP/xamppfiles/htdocs/ci44/system/CodeIgniter.php(418): CodeIgniter\CodeIgniter->runController(Object(App\Controllers\Home))
#5 /Applications/XAMPP/xamppfiles/htdocs/ci44/system/CodeIgniter.php(325): CodeIgniter\CodeIgniter->handleRequest(NULL, Object(Config\Cache), false)
#6 /Applications/XAMPP/xamppfiles/htdocs/ci44/index.php(47): CodeIgniter\CodeIgniter->run()
#7 {main}
CRITICAL - 2022-07-08 00:46:10 --> Invalid file: {0}
#0 /Applications/XAMPP/xamppfiles/htdocs/ci44/system/View/View.php(198): CodeIgniter\Exceptions\FrameworkException::forInvalidFile('welcome_message...')
#1 /Applications/XAMPP/xamppfiles/htdocs/ci44/system/Common.php(1089): CodeIgniter\View\View->render('welcome_message', Array, true)
#2 /Applications/XAMPP/xamppfiles/htdocs/ci44/app/Controllers/Home.php(9): view('welcome_message')
#3 /Applications/XAMPP/xamppfiles/htdocs/ci44/system/CodeIgniter.php(831): App\Controllers\Home->index()
#4 /Applications/XAMPP/xamppfiles/htdocs/ci44/system/CodeIgniter.php(418): CodeIgniter\CodeIgniter->runController(Object(App\Controllers\Home))
#5 /Applications/XAMPP/xamppfiles/htdocs/ci44/system/CodeIgniter.php(325): CodeIgniter\CodeIgniter->handleRequest(NULL, Object(Config\Cache), false)
#6 /Applications/XAMPP/xamppfiles/htdocs/ci44/index.php(47): CodeIgniter\CodeIgniter->run()
#7 {main}
CRITICAL - 2022-07-08 00:46:33 --> Invalid file: {0}
#0 /Applications/XAMPP/xamppfiles/htdocs/ci44/system/View/View.php(198): CodeIgniter\Exceptions\FrameworkException::forInvalidFile('welcome_message...')
#1 /Applications/XAMPP/xamppfiles/htdocs/ci44/system/Common.php(1089): CodeIgniter\View\View->render('welcome_message', Array, true)
#2 /Applications/XAMPP/xamppfiles/htdocs/ci44/app/Controllers/Home.php(9): view('welcome_message')
#3 /Applications/XAMPP/xamppfiles/htdocs/ci44/system/CodeIgniter.php(831): App\Controllers\Home->index()
#4 /Applications/XAMPP/xamppfiles/htdocs/ci44/system/CodeIgniter.php(418): CodeIgniter\CodeIgniter->runController(Object(App\Controllers\Home))
#5 /Applications/XAMPP/xamppfiles/htdocs/ci44/system/CodeIgniter.php(325): CodeIgniter\CodeIgniter->handleRequest(NULL, Object(Config\Cache), false)
#6 /Applications/XAMPP/xamppfiles/htdocs/ci44/index.php(47): CodeIgniter\CodeIgniter->run()
#7 {main}
CRITICAL - 2022-07-08 00:47:58 --> Invalid file: {0}
#0 /Applications/XAMPP/xamppfiles/htdocs/ci44/system/View/View.php(198): CodeIgniter\Exceptions\FrameworkException::forInvalidFile('welcome_message...')
#1 /Applications/XAMPP/xamppfiles/htdocs/ci44/system/Common.php(1089): CodeIgniter\View\View->render('welcome_message', Array, true)
#2 /Applications/XAMPP/xamppfiles/htdocs/ci44/app/Controllers/Home.php(9): view('welcome_message')
#3 /Applications/XAMPP/xamppfiles/htdocs/ci44/system/CodeIgniter.php(831): App\Controllers\Home->index()
#4 /Applications/XAMPP/xamppfiles/htdocs/ci44/system/CodeIgniter.php(418): CodeIgniter\CodeIgniter->runController(Object(App\Controllers\Home))
#5 /Applications/XAMPP/xamppfiles/htdocs/ci44/system/CodeIgniter.php(325): CodeIgniter\CodeIgniter->handleRequest(NULL, Object(Config\Cache), false)
#6 /Applications/XAMPP/xamppfiles/htdocs/ci44/index.php(47): CodeIgniter\CodeIgniter->run()
#7 {main}
CRITICAL - 2022-07-08 00:48:49 --> Constant EVENT_PRIORITY_LOW already defined
#0 [internal function]: CodeIgniter\Debug\Exceptions->errorHandler(2, 'Constant EVENT_...', '/Applications/X...', 17)
#1 /Applications/XAMPP/xamppfiles/htdocs/ci44/system/Events/Events.php(17): define('EVENT_PRIORITY_...', 200)
#2 /Applications/XAMPP/xamppfiles/htdocs/ci44/system/Autoloader/Autoloader.php(264): include_once('/Applications/X...')
#3 /Applications/XAMPP/xamppfiles/htdocs/ci44/system/Autoloader/Autoloader.php(241): CodeIgniter\Autoloader\Autoloader->includeFile('/Applications/X...')
#4 /Applications/XAMPP/xamppfiles/htdocs/ci44/system/Autoloader/Autoloader.php(219): CodeIgniter\Autoloader\Autoloader->loadInNamespace('CodeIgniter\\Eve...')
#5 /Applications/XAMPP/xamppfiles/htdocs/ci44/system/CodeIgniter.php(307): CodeIgniter\Autoloader\Autoloader->loadClass('CodeIgniter\\Eve...')
#6 /Applications/XAMPP/xamppfiles/htdocs/ci44/index.php(47): CodeIgniter\CodeIgniter->run()
#7 {main}
CRITICAL - 2022-07-08 00:48:51 --> Constant EVENT_PRIORITY_LOW already defined
#0 [internal function]: CodeIgniter\Debug\Exceptions->errorHandler(2, 'Constant EVENT_...', '/Applications/X...', 17)
#1 /Applications/XAMPP/xamppfiles/htdocs/ci44/system/Events/Events.php(17): define('EVENT_PRIORITY_...', 200)
#2 /Applications/XAMPP/xamppfiles/htdocs/ci44/system/Autoloader/Autoloader.php(264): include_once('/Applications/X...')
#3 /Applications/XAMPP/xamppfiles/htdocs/ci44/system/Autoloader/Autoloader.php(241): CodeIgniter\Autoloader\Autoloader->includeFile('/Applications/X...')
#4 /Applications/XAMPP/xamppfiles/htdocs/ci44/system/Autoloader/Autoloader.php(219): CodeIgniter\Autoloader\Autoloader->loadInNamespace('CodeIgniter\\Eve...')
#5 /Applications/XAMPP/xamppfiles/htdocs/ci44/system/CodeIgniter.php(307): CodeIgniter\Autoloader\Autoloader->loadClass('CodeIgniter\\Eve...')
#6 /Applications/XAMPP/xamppfiles/htdocs/ci44/index.php(47): CodeIgniter\CodeIgniter->run()
#7 {main}
CRITICAL - 2022-07-08 00:49:19 --> Constant EVENT_PRIORITY_LOW already defined
#0 [internal function]: CodeIgniter\Debug\Exceptions->errorHandler(2, 'Constant EVENT_...', '/Applications/X...', 17)
#1 /Applications/XAMPP/xamppfiles/htdocs/ci44/system/Events/Events.php(17): define('EVENT_PRIORITY_...', 200)
#2 /Applications/XAMPP/xamppfiles/htdocs/ci44/system/Autoloader/Autoloader.php(264): include_once('/Applications/X...')
#3 /Applications/XAMPP/xamppfiles/htdocs/ci44/system/Autoloader/Autoloader.php(241): CodeIgniter\Autoloader\Autoloader->includeFile('/Applications/X...')
#4 /Applications/XAMPP/xamppfiles/htdocs/ci44/system/Autoloader/Autoloader.php(219): CodeIgniter\Autoloader\Autoloader->loadInNamespace('CodeIgniter\\Eve...')
#5 /Applications/XAMPP/xamppfiles/htdocs/ci44/system/CodeIgniter.php(307): CodeIgniter\Autoloader\Autoloader->loadClass('CodeIgniter\\Eve...')
#6 /Applications/XAMPP/xamppfiles/htdocs/ci44/index.php(47): CodeIgniter\CodeIgniter->run()
#7 {main}
CRITICAL - 2022-07-08 00:49:19 --> Constant EVENT_PRIORITY_LOW already defined
#0 [internal function]: CodeIgniter\Debug\Exceptions->errorHandler(2, 'Constant EVENT_...', '/Applications/X...', 17)
#1 /Applications/XAMPP/xamppfiles/htdocs/ci44/system/Events/Events.php(17): define('EVENT_PRIORITY_...', 200)
#2 /Applications/XAMPP/xamppfiles/htdocs/ci44/system/Autoloader/Autoloader.php(264): include_once('/Applications/X...')
#3 /Applications/XAMPP/xamppfiles/htdocs/ci44/system/Autoloader/Autoloader.php(241): CodeIgniter\Autoloader\Autoloader->includeFile('/Applications/X...')
#4 /Applications/XAMPP/xamppfiles/htdocs/ci44/system/Autoloader/Autoloader.php(219): CodeIgniter\Autoloader\Autoloader->loadInNamespace('CodeIgniter\\Eve...')
#5 /Applications/XAMPP/xamppfiles/htdocs/ci44/system/CodeIgniter.php(307): CodeIgniter\Autoloader\Autoloader->loadClass('CodeIgniter\\Eve...')
#6 /Applications/XAMPP/xamppfiles/htdocs/ci44/index.php(47): CodeIgniter\CodeIgniter->run()
#7 {main}
CRITICAL - 2022-07-08 00:49:42 --> Constant EVENT_PRIORITY_LOW already defined
#0 [internal function]: CodeIgniter\Debug\Exceptions->errorHandler(2, 'Constant EVENT_...', '/Applications/X...', 17)
#1 /Applications/XAMPP/xamppfiles/htdocs/ci44/system/Events/Events.php(17): define('EVENT_PRIORITY_...', 200)
#2 /Applications/XAMPP/xamppfiles/htdocs/ci44/system/Autoloader/Autoloader.php(264): include_once('/Applications/X...')
#3 /Applications/XAMPP/xamppfiles/htdocs/ci44/system/Autoloader/Autoloader.php(241): CodeIgniter\Autoloader\Autoloader->includeFile('/Applications/X...')
#4 /Applications/XAMPP/xamppfiles/htdocs/ci44/system/Autoloader/Autoloader.php(219): CodeIgniter\Autoloader\Autoloader->loadInNamespace('CodeIgniter\\Eve...')
#5 /Applications/XAMPP/xamppfiles/htdocs/ci44/system/CodeIgniter.php(307): CodeIgniter\Autoloader\Autoloader->loadClass('CodeIgniter\\Eve...')
#6 /Applications/XAMPP/xamppfiles/htdocs/ci44/index.php(47): CodeIgniter\CodeIgniter->run()
#7 {main}
CRITICAL - 2022-07-08 00:49:43 --> Constant EVENT_PRIORITY_LOW already defined
#0 [internal function]: CodeIgniter\Debug\Exceptions->errorHandler(2, 'Constant EVENT_...', '/Applications/X...', 17)
#1 /Applications/XAMPP/xamppfiles/htdocs/ci44/system/Events/Events.php(17): define('EVENT_PRIORITY_...', 200)
#2 /Applications/XAMPP/xamppfiles/htdocs/ci44/system/Autoloader/Autoloader.php(264): include_once('/Applications/X...')
#3 /Applications/XAMPP/xamppfiles/htdocs/ci44/system/Autoloader/Autoloader.php(241): CodeIgniter\Autoloader\Autoloader->includeFile('/Applications/X...')
#4 /Applications/XAMPP/xamppfiles/htdocs/ci44/system/Autoloader/Autoloader.php(219): CodeIgniter\Autoloader\Autoloader->loadInNamespace('CodeIgniter\\Eve...')
#5 /Applications/XAMPP/xamppfiles/htdocs/ci44/system/CodeIgniter.php(307): CodeIgniter\Autoloader\Autoloader->loadClass('CodeIgniter\\Eve...')
#6 /Applications/XAMPP/xamppfiles/htdocs/ci44/index.php(47): CodeIgniter\CodeIgniter->run()
#7 {main}
CRITICAL - 2022-07-08 00:49:51 --> Constant EVENT_PRIORITY_LOW already defined
#0 [internal function]: CodeIgniter\Debug\Exceptions->errorHandler(2, 'Constant EVENT_...', '/Applications/X...', 17)
#1 /Applications/XAMPP/xamppfiles/htdocs/ci44/system/Events/Events.php(17): define('EVENT_PRIORITY_...', 200)
#2 /Applications/XAMPP/xamppfiles/htdocs/ci44/system/Autoloader/Autoloader.php(264): include_once('/Applications/X...')
#3 /Applications/XAMPP/xamppfiles/htdocs/ci44/system/Autoloader/Autoloader.php(241): CodeIgniter\Autoloader\Autoloader->includeFile('/Applications/X...')
#4 /Applications/XAMPP/xamppfiles/htdocs/ci44/system/Autoloader/Autoloader.php(219): CodeIgniter\Autoloader\Autoloader->loadInNamespace('CodeIgniter\\Eve...')
#5 /Applications/XAMPP/xamppfiles/htdocs/ci44/system/CodeIgniter.php(307): CodeIgniter\Autoloader\Autoloader->loadClass('CodeIgniter\\Eve...')
#6 /Applications/XAMPP/xamppfiles/htdocs/ci44/index.php(47): CodeIgniter\CodeIgniter->run()
#7 {main}
CRITICAL - 2022-07-08 00:50:39 --> Constant EVENT_PRIORITY_LOW already defined
#0 [internal function]: CodeIgniter\Debug\Exceptions->errorHandler(2, 'Constant EVENT_...', '/Applications/X...', 17)
#1 /Applications/XAMPP/xamppfiles/htdocs/ci44/system/Events/Events.php(17): define('EVENT_PRIORITY_...', 200)
#2 /Applications/XAMPP/xamppfiles/htdocs/ci44/system/Autoloader/Autoloader.php(264): include_once('/Applications/X...')
#3 /Applications/XAMPP/xamppfiles/htdocs/ci44/system/Autoloader/Autoloader.php(241): CodeIgniter\Autoloader\Autoloader->includeFile('/Applications/X...')
#4 /Applications/XAMPP/xamppfiles/htdocs/ci44/system/Autoloader/Autoloader.php(219): CodeIgniter\Autoloader\Autoloader->loadInNamespace('CodeIgniter\\Eve...')
#5 /Applications/XAMPP/xamppfiles/htdocs/ci44/system/CodeIgniter.php(307): CodeIgniter\Autoloader\Autoloader->loadClass('CodeIgniter\\Eve...')
#6 /Applications/XAMPP/xamppfiles/htdocs/ci44/index.php(47): CodeIgniter\CodeIgniter->run()
#7 {main}
CRITICAL - 2022-07-08 00:51:47 --> Constant EVENT_PRIORITY_LOW already defined
#0 [internal function]: CodeIgniter\Debug\Exceptions->errorHandler(2, 'Constant EVENT_...', '/Applications/X...', 17)
#1 /Applications/XAMPP/xamppfiles/htdocs/ci44/system/Events/Events.php(17): define('EVENT_PRIORITY_...', 200)
#2 /Applications/XAMPP/xamppfiles/htdocs/ci44/system/Autoloader/Autoloader.php(264): include_once('/Applications/X...')
#3 /Applications/XAMPP/xamppfiles/htdocs/ci44/system/Autoloader/Autoloader.php(241): CodeIgniter\Autoloader\Autoloader->includeFile('/Applications/X...')
#4 /Applications/XAMPP/xamppfiles/htdocs/ci44/system/Autoloader/Autoloader.php(219): CodeIgniter\Autoloader\Autoloader->loadInNamespace('CodeIgniter\\Eve...')
#5 /Applications/XAMPP/xamppfiles/htdocs/ci44/system/CodeIgniter.php(307): CodeIgniter\Autoloader\Autoloader->loadClass('CodeIgniter\\Eve...')
#6 /Applications/XAMPP/xamppfiles/htdocs/ci44/index.php(47): CodeIgniter\CodeIgniter->run()
#7 {main}
CRITICAL - 2022-07-08 00:52:44 --> Constant EVENT_PRIORITY_LOW already defined
#0 [internal function]: CodeIgniter\Debug\Exceptions->errorHandler(2, 'Constant EVENT_...', '/Applications/X...', 17)
#1 /Applications/XAMPP/xamppfiles/htdocs/ci44/system/Events/Events.php(17): define('EVENT_PRIORITY_...', 200)
#2 /Applications/XAMPP/xamppfiles/htdocs/ci44/system/Autoloader/Autoloader.php(264): include_once('/Applications/X...')
#3 /Applications/XAMPP/xamppfiles/htdocs/ci44/system/Autoloader/Autoloader.php(241): CodeIgniter\Autoloader\Autoloader->includeFile('/Applications/X...')
#4 /Applications/XAMPP/xamppfiles/htdocs/ci44/system/Autoloader/Autoloader.php(219): CodeIgniter\Autoloader\Autoloader->loadInNamespace('CodeIgniter\\Eve...')
#5 /Applications/XAMPP/xamppfiles/htdocs/ci44/system/CodeIgniter.php(307): CodeIgniter\Autoloader\Autoloader->loadClass('CodeIgniter\\Eve...')
#6 /Applications/XAMPP/xamppfiles/htdocs/ci44/index.php(47): CodeIgniter\CodeIgniter->run()
#7 {main}
CRITICAL - 2022-07-08 00:52:45 --> Constant EVENT_PRIORITY_LOW already defined
#0 [internal function]: CodeIgniter\Debug\Exceptions->errorHandler(2, 'Constant EVENT_...', '/Applications/X...', 17)
#1 /Applications/XAMPP/xamppfiles/htdocs/ci44/system/Events/Events.php(17): define('EVENT_PRIORITY_...', 200)
#2 /Applications/XAMPP/xamppfiles/htdocs/ci44/system/Autoloader/Autoloader.php(264): include_once('/Applications/X...')
#3 /Applications/XAMPP/xamppfiles/htdocs/ci44/system/Autoloader/Autoloader.php(241): CodeIgniter\Autoloader\Autoloader->includeFile('/Applications/X...')
#4 /Applications/XAMPP/xamppfiles/htdocs/ci44/system/Autoloader/Autoloader.php(219): CodeIgniter\Autoloader\Autoloader->loadInNamespace('CodeIgniter\\Eve...')
#5 /Applications/XAMPP/xamppfiles/htdocs/ci44/system/CodeIgniter.php(307): CodeIgniter\Autoloader\Autoloader->loadClass('CodeIgniter\\Eve...')
#6 /Applications/XAMPP/xamppfiles/htdocs/ci44/index.php(47): CodeIgniter\CodeIgniter->run()
#7 {main}
CRITICAL - 2022-07-08 00:54:08 --> Constant EVENT_PRIORITY_LOW already defined
#0 [internal function]: CodeIgniter\Debug\Exceptions->errorHandler(2, 'Constant EVENT_...', '/Applications/X...', 17)
#1 /Applications/XAMPP/xamppfiles/htdocs/ci44/system/Events/Events.php(17): define('EVENT_PRIORITY_...', 200)
#2 /Applications/XAMPP/xamppfiles/htdocs/ci44/system/Autoloader/Autoloader.php(264): include_once('/Applications/X...')
#3 /Applications/XAMPP/xamppfiles/htdocs/ci44/system/Autoloader/Autoloader.php(241): CodeIgniter\Autoloader\Autoloader->includeFile('/Applications/X...')
#4 /Applications/XAMPP/xamppfiles/htdocs/ci44/system/Autoloader/Autoloader.php(219): CodeIgniter\Autoloader\Autoloader->loadInNamespace('CodeIgniter\\Eve...')
#5 /Applications/XAMPP/xamppfiles/htdocs/ci44/system/CodeIgniter.php(307): CodeIgniter\Autoloader\Autoloader->loadClass('CodeIgniter\\Eve...')
#6 /Applications/XAMPP/xamppfiles/htdocs/ci44/index.php(47): CodeIgniter\CodeIgniter->run()
#7 {main}
CRITICAL - 2022-07-08 00:54:09 --> Constant EVENT_PRIORITY_LOW already defined
#0 [internal function]: CodeIgniter\Debug\Exceptions->errorHandler(2, 'Constant EVENT_...', '/Applications/X...', 17)
#1 /Applications/XAMPP/xamppfiles/htdocs/ci44/system/Events/Events.php(17): define('EVENT_PRIORITY_...', 200)
#2 /Applications/XAMPP/xamppfiles/htdocs/ci44/system/Autoloader/Autoloader.php(264): include_once('/Applications/X...')
#3 /Applications/XAMPP/xamppfiles/htdocs/ci44/system/Autoloader/Autoloader.php(241): CodeIgniter\Autoloader\Autoloader->includeFile('/Applications/X...')
#4 /Applications/XAMPP/xamppfiles/htdocs/ci44/system/Autoloader/Autoloader.php(219): CodeIgniter\Autoloader\Autoloader->loadInNamespace('CodeIgniter\\Eve...')
#5 /Applications/XAMPP/xamppfiles/htdocs/ci44/system/CodeIgniter.php(307): CodeIgniter\Autoloader\Autoloader->loadClass('CodeIgniter\\Eve...')
#6 /Applications/XAMPP/xamppfiles/htdocs/ci44/index.php(47): CodeIgniter\CodeIgniter->run()
#7 {main}
CRITICAL - 2022-07-08 00:55:05 --> Constant EVENT_PRIORITY_LOW already defined
#0 [internal function]: CodeIgniter\Debug\Exceptions->errorHandler(2, 'Constant EVENT_...', '/Applications/X...', 17)
#1 /Applications/XAMPP/xamppfiles/htdocs/ci44/system/Events/Events.php(17): define('EVENT_PRIORITY_...', 200)
#2 /Applications/XAMPP/xamppfiles/htdocs/ci44/system/Autoloader/Autoloader.php(264): include_once('/Applications/X...')
#3 /Applications/XAMPP/xamppfiles/htdocs/ci44/system/Autoloader/Autoloader.php(241): CodeIgniter\Autoloader\Autoloader->includeFile('/Applications/X...')
#4 /Applications/XAMPP/xamppfiles/htdocs/ci44/system/Autoloader/Autoloader.php(219): CodeIgniter\Autoloader\Autoloader->loadInNamespace('CodeIgniter\\Eve...')
#5 /Applications/XAMPP/xamppfiles/htdocs/ci44/system/CodeIgniter.php(307): CodeIgniter\Autoloader\Autoloader->loadClass('CodeIgniter\\Eve...')
#6 /Applications/XAMPP/xamppfiles/htdocs/ci44/index.php(47): CodeIgniter\CodeIgniter->run()
#7 {main}
CRITICAL - 2022-07-08 00:55:40 --> Constant EVENT_PRIORITY_NORMAL already defined
#0 [internal function]: CodeIgniter\Debug\Exceptions->errorHandler(2, 'Constant EVENT_...', '/Applications/X...', 18)
#1 /Applications/XAMPP/xamppfiles/htdocs/ci44/system/Events/Events.php(18): define('EVENT_PRIORITY_...', 100)
#2 /Applications/XAMPP/xamppfiles/htdocs/ci44/system/Autoloader/Autoloader.php(264): include_once('/Applications/X...')
#3 /Applications/XAMPP/xamppfiles/htdocs/ci44/system/Autoloader/Autoloader.php(241): CodeIgniter\Autoloader\Autoloader->includeFile('/Applications/X...')
#4 /Applications/XAMPP/xamppfiles/htdocs/ci44/system/Autoloader/Autoloader.php(219): CodeIgniter\Autoloader\Autoloader->loadInNamespace('CodeIgniter\\Eve...')
#5 /Applications/XAMPP/xamppfiles/htdocs/ci44/system/CodeIgniter.php(307): CodeIgniter\Autoloader\Autoloader->loadClass('CodeIgniter\\Eve...')
#6 /Applications/XAMPP/xamppfiles/htdocs/ci44/index.php(47): CodeIgniter\CodeIgniter->run()
#7 {main}
CRITICAL - 2022-07-08 00:55:48 --> Invalid file: {0}
#0 /Applications/XAMPP/xamppfiles/htdocs/ci44/system/View/View.php(198): CodeIgniter\Exceptions\FrameworkException::forInvalidFile('welcome_message...')
#1 /Applications/XAMPP/xamppfiles/htdocs/ci44/system/Common.php(1089): CodeIgniter\View\View->render('welcome_message', Array, true)
#2 /Applications/XAMPP/xamppfiles/htdocs/ci44/app/Controllers/Home.php(9): view('welcome_message')
#3 /Applications/XAMPP/xamppfiles/htdocs/ci44/system/CodeIgniter.php(831): App\Controllers\Home->index()
#4 /Applications/XAMPP/xamppfiles/htdocs/ci44/system/CodeIgniter.php(418): CodeIgniter\CodeIgniter->runController(Object(App\Controllers\Home))
#5 /Applications/XAMPP/xamppfiles/htdocs/ci44/system/CodeIgniter.php(325): CodeIgniter\CodeIgniter->handleRequest(NULL, Object(Config\Cache), false)
#6 /Applications/XAMPP/xamppfiles/htdocs/ci44/index.php(47): CodeIgniter\CodeIgniter->run()
#7 {main}
CRITICAL - 2022-07-08 00:55:49 --> Invalid file: {0}
#0 /Applications/XAMPP/xamppfiles/htdocs/ci44/system/View/View.php(198): CodeIgniter\Exceptions\FrameworkException::forInvalidFile('welcome_message...')
#1 /Applications/XAMPP/xamppfiles/htdocs/ci44/system/Common.php(1089): CodeIgniter\View\View->render('welcome_message', Array, true)
#2 /Applications/XAMPP/xamppfiles/htdocs/ci44/app/Controllers/Home.php(9): view('welcome_message')
#3 /Applications/XAMPP/xamppfiles/htdocs/ci44/system/CodeIgniter.php(831): App\Controllers\Home->index()
#4 /Applications/XAMPP/xamppfiles/htdocs/ci44/system/CodeIgniter.php(418): CodeIgniter\CodeIgniter->runController(Object(App\Controllers\Home))
#5 /Applications/XAMPP/xamppfiles/htdocs/ci44/system/CodeIgniter.php(325): CodeIgniter\CodeIgniter->handleRequest(NULL, Object(Config\Cache), false)
#6 /Applications/XAMPP/xamppfiles/htdocs/ci44/index.php(47): CodeIgniter\CodeIgniter->run()
#7 {main}
CRITICAL - 2022-07-08 00:56:28 --> Constant EVENT_PRIORITY_LOW already defined
#0 [internal function]: CodeIgniter\Debug\Exceptions->errorHandler(2, 'Constant EVENT_...', '/Applications/X...', 17)
#1 /Applications/XAMPP/xamppfiles/htdocs/ci44/system/Events/Events.php(17): define('EVENT_PRIORITY_...', 200)
#2 /Applications/XAMPP/xamppfiles/htdocs/ci44/system/Autoloader/Autoloader.php(264): include_once('/Applications/X...')
#3 /Applications/XAMPP/xamppfiles/htdocs/ci44/system/Autoloader/Autoloader.php(241): CodeIgniter\Autoloader\Autoloader->includeFile('/Applications/X...')
#4 /Applications/XAMPP/xamppfiles/htdocs/ci44/system/Autoloader/Autoloader.php(219): CodeIgniter\Autoloader\Autoloader->loadInNamespace('CodeIgniter\\Eve...')
#5 /Applications/XAMPP/xamppfiles/htdocs/ci44/system/CodeIgniter.php(307): CodeIgniter\Autoloader\Autoloader->loadClass('CodeIgniter\\Eve...')
#6 /Applications/XAMPP/xamppfiles/htdocs/ci44/index.php(47): CodeIgniter\CodeIgniter->run()
#7 {main}
CRITICAL - 2022-07-08 00:57:29 --> Constant EVENT_PRIORITY_LOW already defined
#0 [internal function]: CodeIgniter\Debug\Exceptions->errorHandler(2, 'Constant EVENT_...', '/Applications/X...', 17)
#1 /Applications/XAMPP/xamppfiles/htdocs/ci44/system/Events/Events.php(17): define('EVENT_PRIORITY_...', 200)
#2 /Applications/XAMPP/xamppfiles/htdocs/ci44/system/Autoloader/Autoloader.php(264): include_once('/Applications/X...')
#3 /Applications/XAMPP/xamppfiles/htdocs/ci44/system/Autoloader/Autoloader.php(241): CodeIgniter\Autoloader\Autoloader->includeFile('/Applications/X...')
#4 /Applications/XAMPP/xamppfiles/htdocs/ci44/system/Autoloader/Autoloader.php(219): CodeIgniter\Autoloader\Autoloader->loadInNamespace('CodeIgniter\\Eve...')
#5 /Applications/XAMPP/xamppfiles/htdocs/ci44/system/CodeIgniter.php(307): CodeIgniter\Autoloader\Autoloader->loadClass('CodeIgniter\\Eve...')
#6 /Applications/XAMPP/xamppfiles/htdocs/ci44/index.php(47): CodeIgniter\CodeIgniter->run()
#7 {main}
CRITICAL - 2022-07-08 00:58:48 --> Constant EVENT_PRIORITY_LOW already defined
#0 [internal function]: CodeIgniter\Debug\Exceptions->errorHandler(2, 'Constant EVENT_...', '/Applications/X...', 17)
#1 /Applications/XAMPP/xamppfiles/htdocs/ci44/system/Events/Events.php(17): define('EVENT_PRIORITY_...', 200)
#2 /Applications/XAMPP/xamppfiles/htdocs/ci44/system/Autoloader/Autoloader.php(264): include_once('/Applications/X...')
#3 /Applications/XAMPP/xamppfiles/htdocs/ci44/system/Autoloader/Autoloader.php(241): CodeIgniter\Autoloader\Autoloader->includeFile('/Applications/X...')
#4 /Applications/XAMPP/xamppfiles/htdocs/ci44/system/Autoloader/Autoloader.php(219): CodeIgniter\Autoloader\Autoloader->loadInNamespace('CodeIgniter\\Eve...')
#5 /Applications/XAMPP/xamppfiles/htdocs/ci44/system/CodeIgniter.php(307): CodeIgniter\Autoloader\Autoloader->loadClass('CodeIgniter\\Eve...')
#6 /Applications/XAMPP/xamppfiles/htdocs/ci44/index.php(47): CodeIgniter\CodeIgniter->run()
#7 {main}
CRITICAL - 2022-07-08 00:58:49 --> Constant EVENT_PRIORITY_LOW already defined
#0 [internal function]: CodeIgniter\Debug\Exceptions->errorHandler(2, 'Constant EVENT_...', '/Applications/X...', 17)
#1 /Applications/XAMPP/xamppfiles/htdocs/ci44/system/Events/Events.php(17): define('EVENT_PRIORITY_...', 200)
#2 /Applications/XAMPP/xamppfiles/htdocs/ci44/system/Autoloader/Autoloader.php(264): include_once('/Applications/X...')
#3 /Applications/XAMPP/xamppfiles/htdocs/ci44/system/Autoloader/Autoloader.php(241): CodeIgniter\Autoloader\Autoloader->includeFile('/Applications/X...')
#4 /Applications/XAMPP/xamppfiles/htdocs/ci44/system/Autoloader/Autoloader.php(219): CodeIgniter\Autoloader\Autoloader->loadInNamespace('CodeIgniter\\Eve...')
#5 /Applications/XAMPP/xamppfiles/htdocs/ci44/system/CodeIgniter.php(307): CodeIgniter\Autoloader\Autoloader->loadClass('CodeIgniter\\Eve...')
#6 /Applications/XAMPP/xamppfiles/htdocs/ci44/index.php(47): CodeIgniter\CodeIgniter->run()
#7 {main}
