CRITICAL - 2022-06-03 15:21:55 --> mkdir(): Permission denied
#0 [internal function]: CodeIgniter\Debug\Exceptions->errorHandler(2, 'mkdir(): Permis...', '/Applications/X...', 176)
#1 /Applications/XAMPP/xamppfiles/htdocs/NepalDatabasePlatform/system/HTTP/Files/UploadedFile.php(176): mkdir('/Applications/X...', 511, true)
#2 /Applications/XAMPP/xamppfiles/htdocs/NepalDatabasePlatform/system/HTTP/Files/UploadedFile.php(130): CodeIgniter\HTTP\Files\UploadedFile->setPath('/Applications/X...')
#3 /Applications/XAMPP/xamppfiles/htdocs/NepalDatabasePlatform/app/Models/UploadModel.php(162): CodeIgniter\HTTP\Files\UploadedFile->move('/Applications/X...', 'temp_6299d63704...')
#4 /Applications/XAMPP/xamppfiles/htdocs/NepalDatabasePlatform/app/Models/UploadModel.php(24): App\Models\UploadModel->upload('file', 'tmp/', 'temp_', Array)
#5 /Applications/XAMPP/xamppfiles/htdocs/NepalDatabasePlatform/app/Models/FileModel.php(28): App\Models\UploadModel->uploadTempFile('file', true)
#6 /Applications/XAMPP/xamppfiles/htdocs/NepalDatabasePlatform/app/Controllers/FileController.php(29): App\Models\FileModel->uploadImage()
#7 /Applications/XAMPP/xamppfiles/htdocs/NepalDatabasePlatform/system/CodeIgniter.php(831): App\Controllers\FileController->uploadImage()
#8 /Applications/XAMPP/xamppfiles/htdocs/NepalDatabasePlatform/system/CodeIgniter.php(418): CodeIgniter\CodeIgniter->runController(Object(App\Controllers\FileController))
#9 /Applications/XAMPP/xamppfiles/htdocs/NepalDatabasePlatform/system/CodeIgniter.php(325): CodeIgniter\CodeIgniter->handleRequest(NULL, Object(Config\Cache), false)
#10 /Applications/XAMPP/xamppfiles/htdocs/NepalDatabasePlatform/index.php(47): CodeIgniter\CodeIgniter->run()
#11 {main}
CRITICAL - 2022-06-03 15:26:39 --> Image source not readable
#0 /Applications/XAMPP/xamppfiles/htdocs/NepalDatabasePlatform/app/ThirdParty/intervention-image/vendor/intervention/image/src/Intervention/Image/AbstractDriver.php(66): Intervention\Image\AbstractDecoder->init('tmp/temp_6299d7...')
#1 /Applications/XAMPP/xamppfiles/htdocs/NepalDatabasePlatform/app/ThirdParty/intervention-image/vendor/intervention/image/src/Intervention/Image/ImageManager.php(54): Intervention\Image\AbstractDriver->init('tmp/temp_6299d7...')
#2 /Applications/XAMPP/xamppfiles/htdocs/NepalDatabasePlatform/app/ThirdParty/intervention-image/vendor/intervention/image/src/Intervention/Image/ImageManagerStatic.php(58): Intervention\Image\ImageManager->make('tmp/temp_6299d7...')
#3 /Applications/XAMPP/xamppfiles/htdocs/NepalDatabasePlatform/app/Models/UploadModel.php(92): Intervention\Image\ImageManagerStatic::make('tmp/temp_6299d7...')
#4 /Applications/XAMPP/xamppfiles/htdocs/NepalDatabasePlatform/app/Models/FileModel.php(40): App\Models\UploadModel->uploadPostImage('tmp/temp_6299d7...', 'big')
#5 /Applications/XAMPP/xamppfiles/htdocs/NepalDatabasePlatform/app/Controllers/FileController.php(29): App\Models\FileModel->uploadImage()
#6 /Applications/XAMPP/xamppfiles/htdocs/NepalDatabasePlatform/system/CodeIgniter.php(831): App\Controllers\FileController->uploadImage()
#7 /Applications/XAMPP/xamppfiles/htdocs/NepalDatabasePlatform/system/CodeIgniter.php(418): CodeIgniter\CodeIgniter->runController(Object(App\Controllers\FileController))
#8 /Applications/XAMPP/xamppfiles/htdocs/NepalDatabasePlatform/system/CodeIgniter.php(325): CodeIgniter\CodeIgniter->handleRequest(NULL, Object(Config\Cache), false)
#9 /Applications/XAMPP/xamppfiles/htdocs/NepalDatabasePlatform/index.php(47): CodeIgniter\CodeIgniter->run()
#10 {main}
CRITICAL - 2022-06-03 15:32:15 --> Image source not readable
#0 /Applications/XAMPP/xamppfiles/htdocs/NepalDatabasePlatform/app/ThirdParty/intervention-image/vendor/intervention/image/src/Intervention/Image/AbstractDriver.php(66): Intervention\Image\AbstractDecoder->init('tmp/temp_6299d8...')
#1 /Applications/XAMPP/xamppfiles/htdocs/NepalDatabasePlatform/app/ThirdParty/intervention-image/vendor/intervention/image/src/Intervention/Image/ImageManager.php(54): Intervention\Image\AbstractDriver->init('tmp/temp_6299d8...')
#2 /Applications/XAMPP/xamppfiles/htdocs/NepalDatabasePlatform/app/ThirdParty/intervention-image/vendor/intervention/image/src/Intervention/Image/ImageManagerStatic.php(58): Intervention\Image\ImageManager->make('tmp/temp_6299d8...')
#3 /Applications/XAMPP/xamppfiles/htdocs/NepalDatabasePlatform/app/Models/UploadModel.php(92): Intervention\Image\ImageManagerStatic::make('tmp/temp_6299d8...')
#4 /Applications/XAMPP/xamppfiles/htdocs/NepalDatabasePlatform/app/Models/FileModel.php(40): App\Models\UploadModel->uploadPostImage('tmp/temp_6299d8...', 'big')
#5 /Applications/XAMPP/xamppfiles/htdocs/NepalDatabasePlatform/app/Controllers/FileController.php(29): App\Models\FileModel->uploadImage()
#6 /Applications/XAMPP/xamppfiles/htdocs/NepalDatabasePlatform/system/CodeIgniter.php(831): App\Controllers\FileController->uploadImage()
#7 /Applications/XAMPP/xamppfiles/htdocs/NepalDatabasePlatform/system/CodeIgniter.php(418): CodeIgniter\CodeIgniter->runController(Object(App\Controllers\FileController))
#8 /Applications/XAMPP/xamppfiles/htdocs/NepalDatabasePlatform/system/CodeIgniter.php(325): CodeIgniter\CodeIgniter->handleRequest(NULL, Object(Config\Cache), false)
#9 /Applications/XAMPP/xamppfiles/htdocs/NepalDatabasePlatform/index.php(47): CodeIgniter\CodeIgniter->run()
#10 {main}
CRITICAL - 2022-06-03 15:33:39 --> Image source not readable
#0 /Applications/XAMPP/xamppfiles/htdocs/NepalDatabasePlatform/app/ThirdParty/intervention-image/vendor/intervention/image/src/Intervention/Image/AbstractDriver.php(66): Intervention\Image\AbstractDecoder->init('tmp/temp_6299d8...')
#1 /Applications/XAMPP/xamppfiles/htdocs/NepalDatabasePlatform/app/ThirdParty/intervention-image/vendor/intervention/image/src/Intervention/Image/ImageManager.php(54): Intervention\Image\AbstractDriver->init('tmp/temp_6299d8...')
#2 /Applications/XAMPP/xamppfiles/htdocs/NepalDatabasePlatform/app/ThirdParty/intervention-image/vendor/intervention/image/src/Intervention/Image/ImageManagerStatic.php(58): Intervention\Image\ImageManager->make('tmp/temp_6299d8...')
#3 /Applications/XAMPP/xamppfiles/htdocs/NepalDatabasePlatform/app/Models/UploadModel.php(92): Intervention\Image\ImageManagerStatic::make('tmp/temp_6299d8...')
#4 /Applications/XAMPP/xamppfiles/htdocs/NepalDatabasePlatform/app/Models/FileModel.php(40): App\Models\UploadModel->uploadPostImage('tmp/temp_6299d8...', 'big')
#5 /Applications/XAMPP/xamppfiles/htdocs/NepalDatabasePlatform/app/Controllers/FileController.php(29): App\Models\FileModel->uploadImage()
#6 /Applications/XAMPP/xamppfiles/htdocs/NepalDatabasePlatform/system/CodeIgniter.php(831): App\Controllers\FileController->uploadImage()
#7 /Applications/XAMPP/xamppfiles/htdocs/NepalDatabasePlatform/system/CodeIgniter.php(418): CodeIgniter\CodeIgniter->runController(Object(App\Controllers\FileController))
#8 /Applications/XAMPP/xamppfiles/htdocs/NepalDatabasePlatform/system/CodeIgniter.php(325): CodeIgniter\CodeIgniter->handleRequest(NULL, Object(Config\Cache), false)
#9 /Applications/XAMPP/xamppfiles/htdocs/NepalDatabasePlatform/index.php(47): CodeIgniter\CodeIgniter->run()
#10 {main}
CRITICAL - 2022-06-03 15:39:07 --> Unable to init from given binary data.
#0 /Applications/XAMPP/xamppfiles/htdocs/NepalDatabasePlatform/app/ThirdParty/intervention-image/vendor/intervention/image/src/Intervention/Image/AbstractDecoder.php(343): Intervention\Image\Gd\Decoder->initFromBinary('\xBA\x99hi\xDB?')
#1 /Applications/XAMPP/xamppfiles/htdocs/NepalDatabasePlatform/app/ThirdParty/intervention-image/vendor/intervention/image/src/Intervention/Image/AbstractDriver.php(66): Intervention\Image\AbstractDecoder->init('uploads/')
#2 /Applications/XAMPP/xamppfiles/htdocs/NepalDatabasePlatform/app/ThirdParty/intervention-image/vendor/intervention/image/src/Intervention/Image/ImageManager.php(54): Intervention\Image\AbstractDriver->init('uploads/')
#3 /Applications/XAMPP/xamppfiles/htdocs/NepalDatabasePlatform/app/ThirdParty/intervention-image/vendor/intervention/image/src/Intervention/Image/ImageManagerStatic.php(58): Intervention\Image\ImageManager->make('uploads/')
#4 /Applications/XAMPP/xamppfiles/htdocs/NepalDatabasePlatform/app/Models/UploadModel.php(92): Intervention\Image\ImageManagerStatic::make('uploads/')
#5 /Applications/XAMPP/xamppfiles/htdocs/NepalDatabasePlatform/app/Models/FileModel.php(41): App\Models\UploadModel->uploadPostImage('uploads/', 'big')
#6 /Applications/XAMPP/xamppfiles/htdocs/NepalDatabasePlatform/app/Controllers/FileController.php(29): App\Models\FileModel->uploadImage()
#7 /Applications/XAMPP/xamppfiles/htdocs/NepalDatabasePlatform/system/CodeIgniter.php(831): App\Controllers\FileController->uploadImage()
#8 /Applications/XAMPP/xamppfiles/htdocs/NepalDatabasePlatform/system/CodeIgniter.php(418): CodeIgniter\CodeIgniter->runController(Object(App\Controllers\FileController))
#9 /Applications/XAMPP/xamppfiles/htdocs/NepalDatabasePlatform/system/CodeIgniter.php(325): CodeIgniter\CodeIgniter->handleRequest(NULL, Object(Config\Cache), false)
#10 /Applications/XAMPP/xamppfiles/htdocs/NepalDatabasePlatform/index.php(47): CodeIgniter\CodeIgniter->run()
#11 {main}
CRITICAL - 2022-06-03 15:39:07 --> Uncaught CodeIgniter\Format\Exceptions\FormatException: Failed to parse json string, error: "{0}". in /Applications/XAMPP/xamppfiles/htdocs/NepalDatabasePlatform/system/Format/JSONFormatter.php:41
Stack trace:
#0 /Applications/XAMPP/xamppfiles/htdocs/NepalDatabasePlatform/system/Format/JSONFormatter.php(41): CodeIgniter\Format\Exceptions\FormatException::forInvalidJSON('Malformed UTF-8...')
#1 /Applications/XAMPP/xamppfiles/htdocs/NepalDatabasePlatform/system/API/ResponseTrait.php(341): CodeIgniter\Format\JSONFormatter->format(Array)
#2 /Applications/XAMPP/xamppfiles/htdocs/NepalDatabasePlatform/system/API/ResponseTrait.php(99): CodeIgniter\Debug\Exceptions->format(Array)
#3 /Applications/XAMPP/xamppfiles/htdocs/NepalDatabasePlatform/system/Debug/Exceptions.php(115): CodeIgniter\Debug\Exceptions->respond(Array, 500)
#4 [internal function]: CodeIgniter\Debug\Exceptions->exceptionHandler(Object(Intervention\Image\Exception\NotReadableException))
#5 {main}
  thrown
#0 [internal function]: CodeIgniter\Debug\Exceptions->shutdownHandler()
#1 {main}
CRITICAL - 2022-06-03 15:40:19 --> Unable to init from given binary data.
#0 /Applications/XAMPP/xamppfiles/htdocs/NepalDatabasePlatform/app/ThirdParty/intervention-image/vendor/intervention/image/src/Intervention/Image/AbstractDecoder.php(343): Intervention\Image\Gd\Decoder->initFromBinary('\xBA\x99hi\xDB?')
#1 /Applications/XAMPP/xamppfiles/htdocs/NepalDatabasePlatform/app/ThirdParty/intervention-image/vendor/intervention/image/src/Intervention/Image/AbstractDriver.php(66): Intervention\Image\AbstractDecoder->init('uploads/')
#2 /Applications/XAMPP/xamppfiles/htdocs/NepalDatabasePlatform/app/ThirdParty/intervention-image/vendor/intervention/image/src/Intervention/Image/ImageManager.php(54): Intervention\Image\AbstractDriver->init('uploads/')
#3 /Applications/XAMPP/xamppfiles/htdocs/NepalDatabasePlatform/app/ThirdParty/intervention-image/vendor/intervention/image/src/Intervention/Image/ImageManagerStatic.php(58): Intervention\Image\ImageManager->make('uploads/')
#4 /Applications/XAMPP/xamppfiles/htdocs/NepalDatabasePlatform/app/Models/UploadModel.php(92): Intervention\Image\ImageManagerStatic::make('uploads/')
#5 /Applications/XAMPP/xamppfiles/htdocs/NepalDatabasePlatform/app/Models/FileModel.php(41): App\Models\UploadModel->uploadPostImage('uploads/', 'big')
#6 /Applications/XAMPP/xamppfiles/htdocs/NepalDatabasePlatform/app/Controllers/FileController.php(29): App\Models\FileModel->uploadImage()
#7 /Applications/XAMPP/xamppfiles/htdocs/NepalDatabasePlatform/system/CodeIgniter.php(831): App\Controllers\FileController->uploadImage()
#8 /Applications/XAMPP/xamppfiles/htdocs/NepalDatabasePlatform/system/CodeIgniter.php(418): CodeIgniter\CodeIgniter->runController(Object(App\Controllers\FileController))
#9 /Applications/XAMPP/xamppfiles/htdocs/NepalDatabasePlatform/system/CodeIgniter.php(325): CodeIgniter\CodeIgniter->handleRequest(NULL, Object(Config\Cache), false)
#10 /Applications/XAMPP/xamppfiles/htdocs/NepalDatabasePlatform/index.php(47): CodeIgniter\CodeIgniter->run()
#11 {main}
CRITICAL - 2022-06-03 15:40:19 --> Uncaught CodeIgniter\Format\Exceptions\FormatException: Failed to parse json string, error: "{0}". in /Applications/XAMPP/xamppfiles/htdocs/NepalDatabasePlatform/system/Format/JSONFormatter.php:41
Stack trace:
#0 /Applications/XAMPP/xamppfiles/htdocs/NepalDatabasePlatform/system/Format/JSONFormatter.php(41): CodeIgniter\Format\Exceptions\FormatException::forInvalidJSON('Malformed UTF-8...')
#1 /Applications/XAMPP/xamppfiles/htdocs/NepalDatabasePlatform/system/API/ResponseTrait.php(341): CodeIgniter\Format\JSONFormatter->format(Array)
#2 /Applications/XAMPP/xamppfiles/htdocs/NepalDatabasePlatform/system/API/ResponseTrait.php(99): CodeIgniter\Debug\Exceptions->format(Array)
#3 /Applications/XAMPP/xamppfiles/htdocs/NepalDatabasePlatform/system/Debug/Exceptions.php(115): CodeIgniter\Debug\Exceptions->respond(Array, 500)
#4 [internal function]: CodeIgniter\Debug\Exceptions->exceptionHandler(Object(Intervention\Image\Exception\NotReadableException))
#5 {main}
  thrown
#0 [internal function]: CodeIgniter\Debug\Exceptions->shutdownHandler()
#1 {main}
CRITICAL - 2022-06-03 15:40:48 --> Unable to init from given binary data.
#0 /Applications/XAMPP/xamppfiles/htdocs/NepalDatabasePlatform/app/ThirdParty/intervention-image/vendor/intervention/image/src/Intervention/Image/AbstractDecoder.php(343): Intervention\Image\Gd\Decoder->initFromBinary('\xBA\x99hi\xDB?')
#1 /Applications/XAMPP/xamppfiles/htdocs/NepalDatabasePlatform/app/ThirdParty/intervention-image/vendor/intervention/image/src/Intervention/Image/AbstractDriver.php(66): Intervention\Image\AbstractDecoder->init('uploads/')
#2 /Applications/XAMPP/xamppfiles/htdocs/NepalDatabasePlatform/app/ThirdParty/intervention-image/vendor/intervention/image/src/Intervention/Image/ImageManager.php(54): Intervention\Image\AbstractDriver->init('uploads/')
#3 /Applications/XAMPP/xamppfiles/htdocs/NepalDatabasePlatform/app/ThirdParty/intervention-image/vendor/intervention/image/src/Intervention/Image/ImageManagerStatic.php(58): Intervention\Image\ImageManager->make('uploads/')
#4 /Applications/XAMPP/xamppfiles/htdocs/NepalDatabasePlatform/app/Models/UploadModel.php(92): Intervention\Image\ImageManagerStatic::make('uploads/')
#5 /Applications/XAMPP/xamppfiles/htdocs/NepalDatabasePlatform/app/Models/FileModel.php(41): App\Models\UploadModel->uploadPostImage('uploads/', 'big')
#6 /Applications/XAMPP/xamppfiles/htdocs/NepalDatabasePlatform/app/Controllers/FileController.php(29): App\Models\FileModel->uploadImage()
#7 /Applications/XAMPP/xamppfiles/htdocs/NepalDatabasePlatform/system/CodeIgniter.php(831): App\Controllers\FileController->uploadImage()
#8 /Applications/XAMPP/xamppfiles/htdocs/NepalDatabasePlatform/system/CodeIgniter.php(418): CodeIgniter\CodeIgniter->runController(Object(App\Controllers\FileController))
#9 /Applications/XAMPP/xamppfiles/htdocs/NepalDatabasePlatform/system/CodeIgniter.php(325): CodeIgniter\CodeIgniter->handleRequest(NULL, Object(Config\Cache), false)
#10 /Applications/XAMPP/xamppfiles/htdocs/NepalDatabasePlatform/index.php(47): CodeIgniter\CodeIgniter->run()
#11 {main}
CRITICAL - 2022-06-03 15:40:48 --> Uncaught CodeIgniter\Format\Exceptions\FormatException: Failed to parse json string, error: "{0}". in /Applications/XAMPP/xamppfiles/htdocs/NepalDatabasePlatform/system/Format/JSONFormatter.php:41
Stack trace:
#0 /Applications/XAMPP/xamppfiles/htdocs/NepalDatabasePlatform/system/Format/JSONFormatter.php(41): CodeIgniter\Format\Exceptions\FormatException::forInvalidJSON('Malformed UTF-8...')
#1 /Applications/XAMPP/xamppfiles/htdocs/NepalDatabasePlatform/system/API/ResponseTrait.php(341): CodeIgniter\Format\JSONFormatter->format(Array)
#2 /Applications/XAMPP/xamppfiles/htdocs/NepalDatabasePlatform/system/API/ResponseTrait.php(99): CodeIgniter\Debug\Exceptions->format(Array)
#3 /Applications/XAMPP/xamppfiles/htdocs/NepalDatabasePlatform/system/Debug/Exceptions.php(115): CodeIgniter\Debug\Exceptions->respond(Array, 500)
#4 [internal function]: CodeIgniter\Debug\Exceptions->exceptionHandler(Object(Intervention\Image\Exception\NotReadableException))
#5 {main}
  thrown
#0 [internal function]: CodeIgniter\Debug\Exceptions->shutdownHandler()
#1 {main}
CRITICAL - 2022-06-03 15:43:52 --> rename(/Applications/XAMPP/xamppfiles/htdocs/NepalDatabasePlatform/uploads/uploads/tmp/temp_6299db5cd19a61-55468176-38433093.gif,/Applications/XAMPP/xamppfiles/htdocs/NepalDatabasePlatform/uploads/uploads/images/202206/img_6299db5cd1a8c4-94963665-90995828.gif): No such file or directory
#0 [internal function]: CodeIgniter\Debug\Exceptions->errorHandler(2, 'rename(/Applica...', '/Applications/X...', 79)
#1 /Applications/XAMPP/xamppfiles/htdocs/NepalDatabasePlatform/app/Models/UploadModel.php(79): rename('/Applications/X...', '/Applications/X...')
#2 /Applications/XAMPP/xamppfiles/htdocs/NepalDatabasePlatform/app/Models/FileModel.php(31): App\Models\UploadModel->uploadGIF('temp_6299db5cd1...', 'images')
#3 /Applications/XAMPP/xamppfiles/htdocs/NepalDatabasePlatform/app/Controllers/FileController.php(29): App\Models\FileModel->uploadImage()
#4 /Applications/XAMPP/xamppfiles/htdocs/NepalDatabasePlatform/system/CodeIgniter.php(831): App\Controllers\FileController->uploadImage()
#5 /Applications/XAMPP/xamppfiles/htdocs/NepalDatabasePlatform/system/CodeIgniter.php(418): CodeIgniter\CodeIgniter->runController(Object(App\Controllers\FileController))
#6 /Applications/XAMPP/xamppfiles/htdocs/NepalDatabasePlatform/system/CodeIgniter.php(325): CodeIgniter\CodeIgniter->handleRequest(NULL, Object(Config\Cache), false)
#7 /Applications/XAMPP/xamppfiles/htdocs/NepalDatabasePlatform/index.php(47): CodeIgniter\CodeIgniter->run()
#8 {main}
CRITICAL - 2022-06-03 15:44:08 --> rename(/Applications/XAMPP/xamppfiles/htdocs/NepalDatabasePlatform/uploads/uploads/tmp/temp_6299db6cc79cd7-85939741-84660386.gif,/Applications/XAMPP/xamppfiles/htdocs/NepalDatabasePlatform/uploads/uploads/images/202206/img_6299db6cc7ad26-75250420-29143651.gif): No such file or directory
#0 [internal function]: CodeIgniter\Debug\Exceptions->errorHandler(2, 'rename(/Applica...', '/Applications/X...', 79)
#1 /Applications/XAMPP/xamppfiles/htdocs/NepalDatabasePlatform/app/Models/UploadModel.php(79): rename('/Applications/X...', '/Applications/X...')
#2 /Applications/XAMPP/xamppfiles/htdocs/NepalDatabasePlatform/app/Models/FileModel.php(31): App\Models\UploadModel->uploadGIF('temp_6299db6cc7...', 'images')
#3 /Applications/XAMPP/xamppfiles/htdocs/NepalDatabasePlatform/app/Controllers/FileController.php(29): App\Models\FileModel->uploadImage()
#4 /Applications/XAMPP/xamppfiles/htdocs/NepalDatabasePlatform/system/CodeIgniter.php(831): App\Controllers\FileController->uploadImage()
#5 /Applications/XAMPP/xamppfiles/htdocs/NepalDatabasePlatform/system/CodeIgniter.php(418): CodeIgniter\CodeIgniter->runController(Object(App\Controllers\FileController))
#6 /Applications/XAMPP/xamppfiles/htdocs/NepalDatabasePlatform/system/CodeIgniter.php(325): CodeIgniter\CodeIgniter->handleRequest(NULL, Object(Config\Cache), false)
#7 /Applications/XAMPP/xamppfiles/htdocs/NepalDatabasePlatform/index.php(47): CodeIgniter\CodeIgniter->run()
#8 {main}
CRITICAL - 2022-06-03 15:46:19 --> rename(/Applications/XAMPP/xamppfiles/htdocs/NepalDatabasePlatform/uploads/tmp/tmp/temp_6299dbef20e7b8-60791194-48913030.gif,/Applications/XAMPP/xamppfiles/htdocs/NepalDatabasePlatform/uploads/uploads/images/202206/img_6299dbef20f7f1-87260168-18456455.gif): No such file or directory
#0 [internal function]: CodeIgniter\Debug\Exceptions->errorHandler(2, 'rename(/Applica...', '/Applications/X...', 79)
#1 /Applications/XAMPP/xamppfiles/htdocs/NepalDatabasePlatform/app/Models/UploadModel.php(79): rename('/Applications/X...', '/Applications/X...')
#2 /Applications/XAMPP/xamppfiles/htdocs/NepalDatabasePlatform/app/Models/FileModel.php(32): App\Models\UploadModel->uploadGIF('tmp/temp_6299db...', 'images')
#3 /Applications/XAMPP/xamppfiles/htdocs/NepalDatabasePlatform/app/Controllers/FileController.php(29): App\Models\FileModel->uploadImage()
#4 /Applications/XAMPP/xamppfiles/htdocs/NepalDatabasePlatform/system/CodeIgniter.php(831): App\Controllers\FileController->uploadImage()
#5 /Applications/XAMPP/xamppfiles/htdocs/NepalDatabasePlatform/system/CodeIgniter.php(418): CodeIgniter\CodeIgniter->runController(Object(App\Controllers\FileController))
#6 /Applications/XAMPP/xamppfiles/htdocs/NepalDatabasePlatform/system/CodeIgniter.php(325): CodeIgniter\CodeIgniter->handleRequest(NULL, Object(Config\Cache), false)
#7 /Applications/XAMPP/xamppfiles/htdocs/NepalDatabasePlatform/index.php(47): CodeIgniter\CodeIgniter->run()
#8 {main}
CRITICAL - 2022-06-03 16:01:27 --> Image source not readable
#0 /Applications/XAMPP/xamppfiles/htdocs/NepalDatabasePlatform/app/ThirdParty/intervention-image/vendor/intervention/image/src/Intervention/Image/AbstractDriver.php(66): Intervention\Image\AbstractDecoder->init('tmp/temp_6299df...')
#1 /Applications/XAMPP/xamppfiles/htdocs/NepalDatabasePlatform/app/ThirdParty/intervention-image/vendor/intervention/image/src/Intervention/Image/ImageManager.php(54): Intervention\Image\AbstractDriver->init('tmp/temp_6299df...')
#2 /Applications/XAMPP/xamppfiles/htdocs/NepalDatabasePlatform/app/ThirdParty/intervention-image/vendor/intervention/image/src/Intervention/Image/ImageManagerStatic.php(58): Intervention\Image\ImageManager->make('tmp/temp_6299df...')
#3 /Applications/XAMPP/xamppfiles/htdocs/NepalDatabasePlatform/app/Models/UploadModel.php(92): Intervention\Image\ImageManagerStatic::make('tmp/temp_6299df...')
#4 /Applications/XAMPP/xamppfiles/htdocs/NepalDatabasePlatform/app/Models/FileModel.php(43): App\Models\UploadModel->uploadPostImage('tmp/temp_6299df...', 'big')
#5 /Applications/XAMPP/xamppfiles/htdocs/NepalDatabasePlatform/app/Controllers/FileController.php(29): App\Models\FileModel->uploadImage()
#6 /Applications/XAMPP/xamppfiles/htdocs/NepalDatabasePlatform/system/CodeIgniter.php(831): App\Controllers\FileController->uploadImage()
#7 /Applications/XAMPP/xamppfiles/htdocs/NepalDatabasePlatform/system/CodeIgniter.php(418): CodeIgniter\CodeIgniter->runController(Object(App\Controllers\FileController))
#8 /Applications/XAMPP/xamppfiles/htdocs/NepalDatabasePlatform/system/CodeIgniter.php(325): CodeIgniter\CodeIgniter->handleRequest(NULL, Object(Config\Cache), false)
#9 /Applications/XAMPP/xamppfiles/htdocs/NepalDatabasePlatform/index.php(47): CodeIgniter\CodeIgniter->run()
#10 {main}
CRITICAL - 2022-06-03 16:04:04 --> Can't write image data to path (uploads/images/202206/image_750x500_6299e018649a2.jpg)
#0 /Applications/XAMPP/xamppfiles/htdocs/NepalDatabasePlatform/app/Models/UploadModel.php(113): Intervention\Image\Image->save('uploads/images/...', 85)
#1 /Applications/XAMPP/xamppfiles/htdocs/NepalDatabasePlatform/app/Models/FileModel.php(42): App\Models\UploadModel->uploadPostImage('/Applications/X...', 'big')
#2 /Applications/XAMPP/xamppfiles/htdocs/NepalDatabasePlatform/app/Controllers/FileController.php(29): App\Models\FileModel->uploadImage()
#3 /Applications/XAMPP/xamppfiles/htdocs/NepalDatabasePlatform/system/CodeIgniter.php(831): App\Controllers\FileController->uploadImage()
#4 /Applications/XAMPP/xamppfiles/htdocs/NepalDatabasePlatform/system/CodeIgniter.php(418): CodeIgniter\CodeIgniter->runController(Object(App\Controllers\FileController))
#5 /Applications/XAMPP/xamppfiles/htdocs/NepalDatabasePlatform/system/CodeIgniter.php(325): CodeIgniter\CodeIgniter->handleRequest(NULL, Object(Config\Cache), false)
#6 /Applications/XAMPP/xamppfiles/htdocs/NepalDatabasePlatform/index.php(47): CodeIgniter\CodeIgniter->run()
#7 {main}
CRITICAL - 2022-06-03 16:18:16 --> Image source not readable
#0 /Applications/XAMPP/xamppfiles/htdocs/NepalDatabasePlatform/app/ThirdParty/intervention-image/vendor/intervention/image/src/Intervention/Image/AbstractDriver.php(66): Intervention\Image\AbstractDecoder->init('tmp/temp_6299e3...')
#1 /Applications/XAMPP/xamppfiles/htdocs/NepalDatabasePlatform/app/ThirdParty/intervention-image/vendor/intervention/image/src/Intervention/Image/ImageManager.php(54): Intervention\Image\AbstractDriver->init('tmp/temp_6299e3...')
#2 /Applications/XAMPP/xamppfiles/htdocs/NepalDatabasePlatform/app/ThirdParty/intervention-image/vendor/intervention/image/src/Intervention/Image/ImageManagerStatic.php(58): Intervention\Image\ImageManager->make('tmp/temp_6299e3...')
#3 /Applications/XAMPP/xamppfiles/htdocs/NepalDatabasePlatform/app/Models/UploadModel.php(92): Intervention\Image\ImageManagerStatic::make('tmp/temp_6299e3...')
#4 /Applications/XAMPP/xamppfiles/htdocs/NepalDatabasePlatform/app/Models/FileModel.php(42): App\Models\UploadModel->uploadPostImage('tmp/temp_6299e3...', 'big')
#5 /Applications/XAMPP/xamppfiles/htdocs/NepalDatabasePlatform/app/Controllers/FileController.php(29): App\Models\FileModel->uploadImage()
#6 /Applications/XAMPP/xamppfiles/htdocs/NepalDatabasePlatform/system/CodeIgniter.php(831): App\Controllers\FileController->uploadImage()
#7 /Applications/XAMPP/xamppfiles/htdocs/NepalDatabasePlatform/system/CodeIgniter.php(418): CodeIgniter\CodeIgniter->runController(Object(App\Controllers\FileController))
#8 /Applications/XAMPP/xamppfiles/htdocs/NepalDatabasePlatform/system/CodeIgniter.php(325): CodeIgniter\CodeIgniter->handleRequest(NULL, Object(Config\Cache), false)
#9 /Applications/XAMPP/xamppfiles/htdocs/NepalDatabasePlatform/index.php(47): CodeIgniter\CodeIgniter->run()
#10 {main}
CRITICAL - 2022-06-03 16:20:01 --> Can't write image data to path (uploads/images/202206/image_750x500_6299e3d5511ba.jpg)
#0 /Applications/XAMPP/xamppfiles/htdocs/NepalDatabasePlatform/app/Models/UploadModel.php(113): Intervention\Image\Image->save('uploads/images/...', 85)
#1 /Applications/XAMPP/xamppfiles/htdocs/NepalDatabasePlatform/app/Models/FileModel.php(42): App\Models\UploadModel->uploadPostImage('tmp/temp_6299e3...', 'big')
#2 /Applications/XAMPP/xamppfiles/htdocs/NepalDatabasePlatform/app/Controllers/FileController.php(29): App\Models\FileModel->uploadImage()
#3 /Applications/XAMPP/xamppfiles/htdocs/NepalDatabasePlatform/system/CodeIgniter.php(831): App\Controllers\FileController->uploadImage()
#4 /Applications/XAMPP/xamppfiles/htdocs/NepalDatabasePlatform/system/CodeIgniter.php(418): CodeIgniter\CodeIgniter->runController(Object(App\Controllers\FileController))
#5 /Applications/XAMPP/xamppfiles/htdocs/NepalDatabasePlatform/system/CodeIgniter.php(325): CodeIgniter\CodeIgniter->handleRequest(NULL, Object(Config\Cache), false)
#6 /Applications/XAMPP/xamppfiles/htdocs/NepalDatabasePlatform/index.php(47): CodeIgniter\CodeIgniter->run()
#7 {main}
CRITICAL - 2022-06-03 16:20:28 --> Can't write image data to path (uploads/images/202206/image_750x500_6299e3f08bd86.jpg)
#0 /Applications/XAMPP/xamppfiles/htdocs/NepalDatabasePlatform/app/Models/UploadModel.php(113): Intervention\Image\Image->save('uploads/images/...', 85)
#1 /Applications/XAMPP/xamppfiles/htdocs/NepalDatabasePlatform/app/Models/FileModel.php(42): App\Models\UploadModel->uploadPostImage('tmp/temp_6299e3...', 'big')
#2 /Applications/XAMPP/xamppfiles/htdocs/NepalDatabasePlatform/app/Controllers/FileController.php(29): App\Models\FileModel->uploadImage()
#3 /Applications/XAMPP/xamppfiles/htdocs/NepalDatabasePlatform/system/CodeIgniter.php(831): App\Controllers\FileController->uploadImage()
#4 /Applications/XAMPP/xamppfiles/htdocs/NepalDatabasePlatform/system/CodeIgniter.php(418): CodeIgniter\CodeIgniter->runController(Object(App\Controllers\FileController))
#5 /Applications/XAMPP/xamppfiles/htdocs/NepalDatabasePlatform/system/CodeIgniter.php(325): CodeIgniter\CodeIgniter->handleRequest(NULL, Object(Config\Cache), false)
#6 /Applications/XAMPP/xamppfiles/htdocs/NepalDatabasePlatform/index.php(47): CodeIgniter\CodeIgniter->run()
#7 {main}
CRITICAL - 2022-06-03 16:20:49 --> Undefined variable $data
#0 /Applications/XAMPP/xamppfiles/htdocs/NepalDatabasePlatform/app/Models/FileModel.php(43): CodeIgniter\Debug\Exceptions->errorHandler(2, 'Undefined varia...', '/Applications/X...', 43)
#1 /Applications/XAMPP/xamppfiles/htdocs/NepalDatabasePlatform/app/Controllers/FileController.php(29): App\Models\FileModel->uploadImage()
#2 /Applications/XAMPP/xamppfiles/htdocs/NepalDatabasePlatform/system/CodeIgniter.php(831): App\Controllers\FileController->uploadImage()
#3 /Applications/XAMPP/xamppfiles/htdocs/NepalDatabasePlatform/system/CodeIgniter.php(418): CodeIgniter\CodeIgniter->runController(Object(App\Controllers\FileController))
#4 /Applications/XAMPP/xamppfiles/htdocs/NepalDatabasePlatform/system/CodeIgniter.php(325): CodeIgniter\CodeIgniter->handleRequest(NULL, Object(Config\Cache), false)
#5 /Applications/XAMPP/xamppfiles/htdocs/NepalDatabasePlatform/index.php(47): CodeIgniter\CodeIgniter->run()
#6 {main}
CRITICAL - 2022-06-03 16:21:17 --> Undefined variable $data
#0 /Applications/XAMPP/xamppfiles/htdocs/NepalDatabasePlatform/app/Models/FileModel.php(43): CodeIgniter\Debug\Exceptions->errorHandler(2, 'Undefined varia...', '/Applications/X...', 43)
#1 /Applications/XAMPP/xamppfiles/htdocs/NepalDatabasePlatform/app/Controllers/FileController.php(29): App\Models\FileModel->uploadImage()
#2 /Applications/XAMPP/xamppfiles/htdocs/NepalDatabasePlatform/system/CodeIgniter.php(831): App\Controllers\FileController->uploadImage()
#3 /Applications/XAMPP/xamppfiles/htdocs/NepalDatabasePlatform/system/CodeIgniter.php(418): CodeIgniter\CodeIgniter->runController(Object(App\Controllers\FileController))
#4 /Applications/XAMPP/xamppfiles/htdocs/NepalDatabasePlatform/system/CodeIgniter.php(325): CodeIgniter\CodeIgniter->handleRequest(NULL, Object(Config\Cache), false)
#5 /Applications/XAMPP/xamppfiles/htdocs/NepalDatabasePlatform/index.php(47): CodeIgniter\CodeIgniter->run()
#6 {main}
CRITICAL - 2022-06-03 16:23:31 --> Can't write image data to path (uploads/images/202206/image_750x500_6299e4a7eeabd.jpg)
#0 /Applications/XAMPP/xamppfiles/htdocs/NepalDatabasePlatform/app/Models/UploadModel.php(113): Intervention\Image\Image->save('uploads/images/...', 85)
#1 /Applications/XAMPP/xamppfiles/htdocs/NepalDatabasePlatform/app/Models/FileModel.php(41): App\Models\UploadModel->uploadPostImage('tmp/temp_6299e4...', 'big')
#2 /Applications/XAMPP/xamppfiles/htdocs/NepalDatabasePlatform/app/Controllers/FileController.php(29): App\Models\FileModel->uploadImage()
#3 /Applications/XAMPP/xamppfiles/htdocs/NepalDatabasePlatform/system/CodeIgniter.php(831): App\Controllers\FileController->uploadImage()
#4 /Applications/XAMPP/xamppfiles/htdocs/NepalDatabasePlatform/system/CodeIgniter.php(418): CodeIgniter\CodeIgniter->runController(Object(App\Controllers\FileController))
#5 /Applications/XAMPP/xamppfiles/htdocs/NepalDatabasePlatform/system/CodeIgniter.php(325): CodeIgniter\CodeIgniter->handleRequest(NULL, Object(Config\Cache), false)
#6 /Applications/XAMPP/xamppfiles/htdocs/NepalDatabasePlatform/index.php(47): CodeIgniter\CodeIgniter->run()
#7 {main}
CRITICAL - 2022-06-03 16:26:43 --> Can't write image data to path (uploads/images/202206/image_750x500_6299e56741af3.jpg)
#0 /Applications/XAMPP/xamppfiles/htdocs/NepalDatabasePlatform/app/Models/UploadModel.php(113): Intervention\Image\Image->save('uploads/images/...', 85)
#1 /Applications/XAMPP/xamppfiles/htdocs/NepalDatabasePlatform/app/Models/FileModel.php(41): App\Models\UploadModel->uploadPostImage('tmp/temp_6299e5...', 'big')
#2 /Applications/XAMPP/xamppfiles/htdocs/NepalDatabasePlatform/app/Controllers/FileController.php(29): App\Models\FileModel->uploadImage()
#3 /Applications/XAMPP/xamppfiles/htdocs/NepalDatabasePlatform/system/CodeIgniter.php(831): App\Controllers\FileController->uploadImage()
#4 /Applications/XAMPP/xamppfiles/htdocs/NepalDatabasePlatform/system/CodeIgniter.php(418): CodeIgniter\CodeIgniter->runController(Object(App\Controllers\FileController))
#5 /Applications/XAMPP/xamppfiles/htdocs/NepalDatabasePlatform/system/CodeIgniter.php(325): CodeIgniter\CodeIgniter->handleRequest(NULL, Object(Config\Cache), false)
#6 /Applications/XAMPP/xamppfiles/htdocs/NepalDatabasePlatform/index.php(47): CodeIgniter\CodeIgniter->run()
#7 {main}
CRITICAL - 2022-06-03 16:28:54 --> Can't write image data to path (uploads/images/202206/image_750x500_6299e5eaecc77.jpg)
#0 /Applications/XAMPP/xamppfiles/htdocs/NepalDatabasePlatform/app/Models/UploadModel.php(114): Intervention\Image\Image->save('uploads/images/...', 85)
#1 /Applications/XAMPP/xamppfiles/htdocs/NepalDatabasePlatform/app/Models/FileModel.php(41): App\Models\UploadModel->uploadPostImage('tmp/temp_6299e5...', 'big')
#2 /Applications/XAMPP/xamppfiles/htdocs/NepalDatabasePlatform/app/Controllers/FileController.php(29): App\Models\FileModel->uploadImage()
#3 /Applications/XAMPP/xamppfiles/htdocs/NepalDatabasePlatform/system/CodeIgniter.php(831): App\Controllers\FileController->uploadImage()
#4 /Applications/XAMPP/xamppfiles/htdocs/NepalDatabasePlatform/system/CodeIgniter.php(418): CodeIgniter\CodeIgniter->runController(Object(App\Controllers\FileController))
#5 /Applications/XAMPP/xamppfiles/htdocs/NepalDatabasePlatform/system/CodeIgniter.php(325): CodeIgniter\CodeIgniter->handleRequest(NULL, Object(Config\Cache), false)
#6 /Applications/XAMPP/xamppfiles/htdocs/NepalDatabasePlatform/index.php(47): CodeIgniter\CodeIgniter->run()
#7 {main}
CRITICAL - 2022-06-03 16:29:00 --> Can't write image data to path (uploads/images/202206/image_750x500_6299e5f04cdd8.jpg)
#0 /Applications/XAMPP/xamppfiles/htdocs/NepalDatabasePlatform/app/Models/UploadModel.php(114): Intervention\Image\Image->save('uploads/images/...', 85)
#1 /Applications/XAMPP/xamppfiles/htdocs/NepalDatabasePlatform/app/Models/FileModel.php(41): App\Models\UploadModel->uploadPostImage('tmp/temp_6299e5...', 'big')
#2 /Applications/XAMPP/xamppfiles/htdocs/NepalDatabasePlatform/app/Controllers/FileController.php(29): App\Models\FileModel->uploadImage()
#3 /Applications/XAMPP/xamppfiles/htdocs/NepalDatabasePlatform/system/CodeIgniter.php(831): App\Controllers\FileController->uploadImage()
#4 /Applications/XAMPP/xamppfiles/htdocs/NepalDatabasePlatform/system/CodeIgniter.php(418): CodeIgniter\CodeIgniter->runController(Object(App\Controllers\FileController))
#5 /Applications/XAMPP/xamppfiles/htdocs/NepalDatabasePlatform/system/CodeIgniter.php(325): CodeIgniter\CodeIgniter->handleRequest(NULL, Object(Config\Cache), false)
#6 /Applications/XAMPP/xamppfiles/htdocs/NepalDatabasePlatform/index.php(47): CodeIgniter\CodeIgniter->run()
#7 {main}
CRITICAL - 2022-06-03 16:30:29 --> Can't write image data to path (uploads/images/202206/image_750x500_6299e64957cc5.jpg)
#0 /Applications/XAMPP/xamppfiles/htdocs/NepalDatabasePlatform/app/Models/UploadModel.php(114): Intervention\Image\Image->save('uploads/images/...', 85)
#1 /Applications/XAMPP/xamppfiles/htdocs/NepalDatabasePlatform/app/Models/FileModel.php(41): App\Models\UploadModel->uploadPostImage('tmp/temp_6299e6...', 'big')
#2 /Applications/XAMPP/xamppfiles/htdocs/NepalDatabasePlatform/app/Controllers/FileController.php(29): App\Models\FileModel->uploadImage()
#3 /Applications/XAMPP/xamppfiles/htdocs/NepalDatabasePlatform/system/CodeIgniter.php(831): App\Controllers\FileController->uploadImage()
#4 /Applications/XAMPP/xamppfiles/htdocs/NepalDatabasePlatform/system/CodeIgniter.php(418): CodeIgniter\CodeIgniter->runController(Object(App\Controllers\FileController))
#5 /Applications/XAMPP/xamppfiles/htdocs/NepalDatabasePlatform/system/CodeIgniter.php(325): CodeIgniter\CodeIgniter->handleRequest(NULL, Object(Config\Cache), false)
#6 /Applications/XAMPP/xamppfiles/htdocs/NepalDatabasePlatform/index.php(47): CodeIgniter\CodeIgniter->run()
#7 {main}
CRITICAL - 2022-06-03 16:37:28 --> Can't write image data to path (images/202206/image_750x500_6299e7ec93a98.jpg)
#0 /Applications/XAMPP/xamppfiles/htdocs/NepalDatabasePlatform/app/Models/UploadModel.php(114): Intervention\Image\Image->save('images/202206/i...', 85)
#1 /Applications/XAMPP/xamppfiles/htdocs/NepalDatabasePlatform/app/Models/FileModel.php(41): App\Models\UploadModel->uploadPostImage('tmp/temp_6299e7...', 'big')
#2 /Applications/XAMPP/xamppfiles/htdocs/NepalDatabasePlatform/app/Controllers/FileController.php(29): App\Models\FileModel->uploadImage()
#3 /Applications/XAMPP/xamppfiles/htdocs/NepalDatabasePlatform/system/CodeIgniter.php(831): App\Controllers\FileController->uploadImage()
#4 /Applications/XAMPP/xamppfiles/htdocs/NepalDatabasePlatform/system/CodeIgniter.php(418): CodeIgniter\CodeIgniter->runController(Object(App\Controllers\FileController))
#5 /Applications/XAMPP/xamppfiles/htdocs/NepalDatabasePlatform/system/CodeIgniter.php(325): CodeIgniter\CodeIgniter->handleRequest(NULL, Object(Config\Cache), false)
#6 /Applications/XAMPP/xamppfiles/htdocs/NepalDatabasePlatform/index.php(47): CodeIgniter\CodeIgniter->run()
#7 {main}
CRITICAL - 2022-06-03 16:38:01 --> Can't write image data to path (uploads/images/202206/image_750x500_6299e80d417c1.jpg)
#0 /Applications/XAMPP/xamppfiles/htdocs/NepalDatabasePlatform/app/Models/UploadModel.php(114): Intervention\Image\Image->save('uploads/images/...', 85)
#1 /Applications/XAMPP/xamppfiles/htdocs/NepalDatabasePlatform/app/Models/FileModel.php(41): App\Models\UploadModel->uploadPostImage('tmp/temp_6299e8...', 'big')
#2 /Applications/XAMPP/xamppfiles/htdocs/NepalDatabasePlatform/app/Controllers/FileController.php(29): App\Models\FileModel->uploadImage()
#3 /Applications/XAMPP/xamppfiles/htdocs/NepalDatabasePlatform/system/CodeIgniter.php(831): App\Controllers\FileController->uploadImage()
#4 /Applications/XAMPP/xamppfiles/htdocs/NepalDatabasePlatform/system/CodeIgniter.php(418): CodeIgniter\CodeIgniter->runController(Object(App\Controllers\FileController))
#5 /Applications/XAMPP/xamppfiles/htdocs/NepalDatabasePlatform/system/CodeIgniter.php(325): CodeIgniter\CodeIgniter->handleRequest(NULL, Object(Config\Cache), false)
#6 /Applications/XAMPP/xamppfiles/htdocs/NepalDatabasePlatform/index.php(47): CodeIgniter\CodeIgniter->run()
#7 {main}
CRITICAL - 2022-06-03 16:40:40 --> Can't write image data to path (uploads/images/202206/image_750x500_6299e8ac44186.jpg)
#0 /Applications/XAMPP/xamppfiles/htdocs/NepalDatabasePlatform/app/Models/UploadModel.php(113): Intervention\Image\Image->save('uploads/images/...', 85)
#1 /Applications/XAMPP/xamppfiles/htdocs/NepalDatabasePlatform/app/Models/FileModel.php(41): App\Models\UploadModel->uploadPostImage('tmp/temp_6299e8...', 'big')
#2 /Applications/XAMPP/xamppfiles/htdocs/NepalDatabasePlatform/app/Controllers/FileController.php(29): App\Models\FileModel->uploadImage()
#3 /Applications/XAMPP/xamppfiles/htdocs/NepalDatabasePlatform/system/CodeIgniter.php(831): App\Controllers\FileController->uploadImage()
#4 /Applications/XAMPP/xamppfiles/htdocs/NepalDatabasePlatform/system/CodeIgniter.php(418): CodeIgniter\CodeIgniter->runController(Object(App\Controllers\FileController))
#5 /Applications/XAMPP/xamppfiles/htdocs/NepalDatabasePlatform/system/CodeIgniter.php(325): CodeIgniter\CodeIgniter->handleRequest(NULL, Object(Config\Cache), false)
#6 /Applications/XAMPP/xamppfiles/htdocs/NepalDatabasePlatform/index.php(47): CodeIgniter\CodeIgniter->run()
#7 {main}
CRITICAL - 2022-06-03 16:43:45 --> Can't write image data to path (/uploads/images/202206/image_750x500_6299e965c2bd9.jpg)
#0 /Applications/XAMPP/xamppfiles/htdocs/NepalDatabasePlatform/app/Models/UploadModel.php(113): Intervention\Image\Image->save('/uploads/images...', 85)
#1 /Applications/XAMPP/xamppfiles/htdocs/NepalDatabasePlatform/app/Models/FileModel.php(41): App\Models\UploadModel->uploadPostImage('tmp/temp_6299e9...', 'big')
#2 /Applications/XAMPP/xamppfiles/htdocs/NepalDatabasePlatform/app/Controllers/FileController.php(29): App\Models\FileModel->uploadImage()
#3 /Applications/XAMPP/xamppfiles/htdocs/NepalDatabasePlatform/system/CodeIgniter.php(831): App\Controllers\FileController->uploadImage()
#4 /Applications/XAMPP/xamppfiles/htdocs/NepalDatabasePlatform/system/CodeIgniter.php(418): CodeIgniter\CodeIgniter->runController(Object(App\Controllers\FileController))
#5 /Applications/XAMPP/xamppfiles/htdocs/NepalDatabasePlatform/system/CodeIgniter.php(325): CodeIgniter\CodeIgniter->handleRequest(NULL, Object(Config\Cache), false)
#6 /Applications/XAMPP/xamppfiles/htdocs/NepalDatabasePlatform/index.php(47): CodeIgniter\CodeIgniter->run()
#7 {main}
CRITICAL - 2022-06-03 16:44:01 --> Can't write image data to path (/uploads/images/202206/image_750x500_6299e975ab95d.jpg)
#0 /Applications/XAMPP/xamppfiles/htdocs/NepalDatabasePlatform/app/Models/UploadModel.php(113): Intervention\Image\Image->save('/uploads/images...', 85)
#1 /Applications/XAMPP/xamppfiles/htdocs/NepalDatabasePlatform/app/Models/FileModel.php(41): App\Models\UploadModel->uploadPostImage('tmp/temp_6299e9...', 'big')
#2 /Applications/XAMPP/xamppfiles/htdocs/NepalDatabasePlatform/app/Controllers/FileController.php(29): App\Models\FileModel->uploadImage()
#3 /Applications/XAMPP/xamppfiles/htdocs/NepalDatabasePlatform/system/CodeIgniter.php(831): App\Controllers\FileController->uploadImage()
#4 /Applications/XAMPP/xamppfiles/htdocs/NepalDatabasePlatform/system/CodeIgniter.php(418): CodeIgniter\CodeIgniter->runController(Object(App\Controllers\FileController))
#5 /Applications/XAMPP/xamppfiles/htdocs/NepalDatabasePlatform/system/CodeIgniter.php(325): CodeIgniter\CodeIgniter->handleRequest(NULL, Object(Config\Cache), false)
#6 /Applications/XAMPP/xamppfiles/htdocs/NepalDatabasePlatform/index.php(47): CodeIgniter\CodeIgniter->run()
#7 {main}
CRITICAL - 2022-06-03 16:44:41 --> Can't write image data to path (/uploads/images/202206/image_750x500_6299e99d95fb5.jpg)
#0 /Applications/XAMPP/xamppfiles/htdocs/NepalDatabasePlatform/app/Models/UploadModel.php(113): Intervention\Image\Image->save('/uploads/images...', 85)
#1 /Applications/XAMPP/xamppfiles/htdocs/NepalDatabasePlatform/app/Models/FileModel.php(41): App\Models\UploadModel->uploadPostImage('tmp/temp_6299e9...', 'big')
#2 /Applications/XAMPP/xamppfiles/htdocs/NepalDatabasePlatform/app/Controllers/FileController.php(29): App\Models\FileModel->uploadImage()
#3 /Applications/XAMPP/xamppfiles/htdocs/NepalDatabasePlatform/system/CodeIgniter.php(831): App\Controllers\FileController->uploadImage()
#4 /Applications/XAMPP/xamppfiles/htdocs/NepalDatabasePlatform/system/CodeIgniter.php(418): CodeIgniter\CodeIgniter->runController(Object(App\Controllers\FileController))
#5 /Applications/XAMPP/xamppfiles/htdocs/NepalDatabasePlatform/system/CodeIgniter.php(325): CodeIgniter\CodeIgniter->handleRequest(NULL, Object(Config\Cache), false)
#6 /Applications/XAMPP/xamppfiles/htdocs/NepalDatabasePlatform/index.php(47): CodeIgniter\CodeIgniter->run()
#7 {main}
CRITICAL - 2022-06-03 16:45:19 --> Can't write image data to path (/Applications/XAMPP/xamppfiles/htdocs/NepalDatabasePlatform/uploads/images/202206/image_750x500_6299e9c34ac64.jpg)
#0 /Applications/XAMPP/xamppfiles/htdocs/NepalDatabasePlatform/app/Models/UploadModel.php(113): Intervention\Image\Image->save('/Applications/X...', 85)
#1 /Applications/XAMPP/xamppfiles/htdocs/NepalDatabasePlatform/app/Models/FileModel.php(41): App\Models\UploadModel->uploadPostImage('tmp/temp_6299e9...', 'big')
#2 /Applications/XAMPP/xamppfiles/htdocs/NepalDatabasePlatform/app/Controllers/FileController.php(29): App\Models\FileModel->uploadImage()
#3 /Applications/XAMPP/xamppfiles/htdocs/NepalDatabasePlatform/system/CodeIgniter.php(831): App\Controllers\FileController->uploadImage()
#4 /Applications/XAMPP/xamppfiles/htdocs/NepalDatabasePlatform/system/CodeIgniter.php(418): CodeIgniter\CodeIgniter->runController(Object(App\Controllers\FileController))
#5 /Applications/XAMPP/xamppfiles/htdocs/NepalDatabasePlatform/system/CodeIgniter.php(325): CodeIgniter\CodeIgniter->handleRequest(NULL, Object(Config\Cache), false)
#6 /Applications/XAMPP/xamppfiles/htdocs/NepalDatabasePlatform/index.php(47): CodeIgniter\CodeIgniter->run()
#7 {main}
CRITICAL - 2022-06-03 16:47:18 --> Can't write image data to path (/Applications/XAMPP/xamppfiles/htdocs/NepalDatabasePlatform/uploads/images/202206/image_750x500_6299ea3a106c4.jpg)
#0 /Applications/XAMPP/xamppfiles/htdocs/NepalDatabasePlatform/app/Models/UploadModel.php(113): Intervention\Image\Image->save('/Applications/X...', 85)
#1 /Applications/XAMPP/xamppfiles/htdocs/NepalDatabasePlatform/app/Models/FileModel.php(41): App\Models\UploadModel->uploadPostImage('tmp/temp_6299ea...', 'big')
#2 /Applications/XAMPP/xamppfiles/htdocs/NepalDatabasePlatform/app/Controllers/FileController.php(29): App\Models\FileModel->uploadImage()
#3 /Applications/XAMPP/xamppfiles/htdocs/NepalDatabasePlatform/system/CodeIgniter.php(831): App\Controllers\FileController->uploadImage()
#4 /Applications/XAMPP/xamppfiles/htdocs/NepalDatabasePlatform/system/CodeIgniter.php(418): CodeIgniter\CodeIgniter->runController(Object(App\Controllers\FileController))
#5 /Applications/XAMPP/xamppfiles/htdocs/NepalDatabasePlatform/system/CodeIgniter.php(325): CodeIgniter\CodeIgniter->handleRequest(NULL, Object(Config\Cache), false)
#6 /Applications/XAMPP/xamppfiles/htdocs/NepalDatabasePlatform/index.php(47): CodeIgniter\CodeIgniter->run()
#7 {main}
CRITICAL - 2022-06-03 16:47:31 --> Can't write image data to path (/Applications/XAMPP/xamppfiles/htdocs/NepalDatabasePlatform/uploads/images/202206/image_750x500_6299ea4761921.jpg)
#0 /Applications/XAMPP/xamppfiles/htdocs/NepalDatabasePlatform/app/Models/UploadModel.php(113): Intervention\Image\Image->save('/Applications/X...', 85)
#1 /Applications/XAMPP/xamppfiles/htdocs/NepalDatabasePlatform/app/Models/FileModel.php(41): App\Models\UploadModel->uploadPostImage('tmp/temp_6299ea...', 'big')
#2 /Applications/XAMPP/xamppfiles/htdocs/NepalDatabasePlatform/app/Controllers/FileController.php(29): App\Models\FileModel->uploadImage()
#3 /Applications/XAMPP/xamppfiles/htdocs/NepalDatabasePlatform/system/CodeIgniter.php(831): App\Controllers\FileController->uploadImage()
#4 /Applications/XAMPP/xamppfiles/htdocs/NepalDatabasePlatform/system/CodeIgniter.php(418): CodeIgniter\CodeIgniter->runController(Object(App\Controllers\FileController))
#5 /Applications/XAMPP/xamppfiles/htdocs/NepalDatabasePlatform/system/CodeIgniter.php(325): CodeIgniter\CodeIgniter->handleRequest(NULL, Object(Config\Cache), false)
#6 /Applications/XAMPP/xamppfiles/htdocs/NepalDatabasePlatform/index.php(47): CodeIgniter\CodeIgniter->run()
#7 {main}
CRITICAL - 2022-06-03 16:49:21 --> Can't write image data to path (images/202206/image_750x500_6299eab5c6b7a.jpg)
#0 /Applications/XAMPP/xamppfiles/htdocs/NepalDatabasePlatform/app/Models/UploadModel.php(114): Intervention\Image\Image->save('images/202206/i...', 85)
#1 /Applications/XAMPP/xamppfiles/htdocs/NepalDatabasePlatform/app/Models/FileModel.php(41): App\Models\UploadModel->uploadPostImage('tmp/temp_6299ea...', 'big')
#2 /Applications/XAMPP/xamppfiles/htdocs/NepalDatabasePlatform/app/Controllers/FileController.php(29): App\Models\FileModel->uploadImage()
#3 /Applications/XAMPP/xamppfiles/htdocs/NepalDatabasePlatform/system/CodeIgniter.php(831): App\Controllers\FileController->uploadImage()
#4 /Applications/XAMPP/xamppfiles/htdocs/NepalDatabasePlatform/system/CodeIgniter.php(418): CodeIgniter\CodeIgniter->runController(Object(App\Controllers\FileController))
#5 /Applications/XAMPP/xamppfiles/htdocs/NepalDatabasePlatform/system/CodeIgniter.php(325): CodeIgniter\CodeIgniter->handleRequest(NULL, Object(Config\Cache), false)
#6 /Applications/XAMPP/xamppfiles/htdocs/NepalDatabasePlatform/index.php(47): CodeIgniter\CodeIgniter->run()
#7 {main}
CRITICAL - 2022-06-03 16:50:00 --> Can't write image data to path (uploads/images/202206/image_750x500_6299eadc5a9d8.jpg)
#0 /Applications/XAMPP/xamppfiles/htdocs/NepalDatabasePlatform/app/Models/UploadModel.php(114): Intervention\Image\Image->save('uploads/images/...', 85)
#1 /Applications/XAMPP/xamppfiles/htdocs/NepalDatabasePlatform/app/Models/FileModel.php(41): App\Models\UploadModel->uploadPostImage('tmp/temp_6299ea...', 'big')
#2 /Applications/XAMPP/xamppfiles/htdocs/NepalDatabasePlatform/app/Controllers/FileController.php(29): App\Models\FileModel->uploadImage()
#3 /Applications/XAMPP/xamppfiles/htdocs/NepalDatabasePlatform/system/CodeIgniter.php(831): App\Controllers\FileController->uploadImage()
#4 /Applications/XAMPP/xamppfiles/htdocs/NepalDatabasePlatform/system/CodeIgniter.php(418): CodeIgniter\CodeIgniter->runController(Object(App\Controllers\FileController))
#5 /Applications/XAMPP/xamppfiles/htdocs/NepalDatabasePlatform/system/CodeIgniter.php(325): CodeIgniter\CodeIgniter->handleRequest(NULL, Object(Config\Cache), false)
#6 /Applications/XAMPP/xamppfiles/htdocs/NepalDatabasePlatform/index.php(47): CodeIgniter\CodeIgniter->run()
#7 {main}
CRITICAL - 2022-06-03 16:50:28 --> Can't write image data to path (uploads/lolololo/202206/image_750x500_6299eaf8a9247.jpg)
#0 /Applications/XAMPP/xamppfiles/htdocs/NepalDatabasePlatform/app/Models/UploadModel.php(114): Intervention\Image\Image->save('uploads/lololol...', 85)
#1 /Applications/XAMPP/xamppfiles/htdocs/NepalDatabasePlatform/app/Models/FileModel.php(41): App\Models\UploadModel->uploadPostImage('tmp/temp_6299ea...', 'big')
#2 /Applications/XAMPP/xamppfiles/htdocs/NepalDatabasePlatform/app/Controllers/FileController.php(29): App\Models\FileModel->uploadImage()
#3 /Applications/XAMPP/xamppfiles/htdocs/NepalDatabasePlatform/system/CodeIgniter.php(831): App\Controllers\FileController->uploadImage()
#4 /Applications/XAMPP/xamppfiles/htdocs/NepalDatabasePlatform/system/CodeIgniter.php(418): CodeIgniter\CodeIgniter->runController(Object(App\Controllers\FileController))
#5 /Applications/XAMPP/xamppfiles/htdocs/NepalDatabasePlatform/system/CodeIgniter.php(325): CodeIgniter\CodeIgniter->handleRequest(NULL, Object(Config\Cache), false)
#6 /Applications/XAMPP/xamppfiles/htdocs/NepalDatabasePlatform/index.php(47): CodeIgniter\CodeIgniter->run()
#7 {main}
CRITICAL - 2022-06-03 16:51:43 --> mkdir(): Permission denied
#0 [internal function]: CodeIgniter\Debug\Exceptions->errorHandler(2, 'mkdir(): Permis...', '/Applications/X...', 176)
#1 /Applications/XAMPP/xamppfiles/htdocs/NepalDatabasePlatform/system/HTTP/Files/UploadedFile.php(176): mkdir('tmp/', 511, true)
#2 /Applications/XAMPP/xamppfiles/htdocs/NepalDatabasePlatform/system/HTTP/Files/UploadedFile.php(130): CodeIgniter\HTTP\Files\UploadedFile->setPath('tmp/')
#3 /Applications/XAMPP/xamppfiles/htdocs/NepalDatabasePlatform/app/Models/UploadModel.php(44): CodeIgniter\HTTP\Files\UploadedFile->move('tmp/', 'temp_6299eb4308...')
#4 /Applications/XAMPP/xamppfiles/htdocs/NepalDatabasePlatform/app/Models/UploadModel.php(60): App\Models\UploadModel->upload('file', 'tmp/', 'temp_', Array)
#5 /Applications/XAMPP/xamppfiles/htdocs/NepalDatabasePlatform/app/Models/FileModel.php(28): App\Models\UploadModel->uploadTempFile('file', true)
#6 /Applications/XAMPP/xamppfiles/htdocs/NepalDatabasePlatform/app/Controllers/FileController.php(29): App\Models\FileModel->uploadImage()
#7 /Applications/XAMPP/xamppfiles/htdocs/NepalDatabasePlatform/system/CodeIgniter.php(831): App\Controllers\FileController->uploadImage()
#8 /Applications/XAMPP/xamppfiles/htdocs/NepalDatabasePlatform/system/CodeIgniter.php(418): CodeIgniter\CodeIgniter->runController(Object(App\Controllers\FileController))
#9 /Applications/XAMPP/xamppfiles/htdocs/NepalDatabasePlatform/system/CodeIgniter.php(325): CodeIgniter\CodeIgniter->handleRequest(NULL, Object(Config\Cache), false)
#10 /Applications/XAMPP/xamppfiles/htdocs/NepalDatabasePlatform/index.php(47): CodeIgniter\CodeIgniter->run()
#11 {main}
CRITICAL - 2022-06-03 16:59:11 --> mkdir(): Permission denied
#0 [internal function]: CodeIgniter\Debug\Exceptions->errorHandler(2, 'mkdir(): Permis...', '/Applications/X...', 176)
#1 /Applications/XAMPP/xamppfiles/htdocs/NepalDatabasePlatform/system/HTTP/Files/UploadedFile.php(176): mkdir('/Applications/X...', 511, true)
#2 /Applications/XAMPP/xamppfiles/htdocs/NepalDatabasePlatform/system/HTTP/Files/UploadedFile.php(130): CodeIgniter\HTTP\Files\UploadedFile->setPath('/Applications/X...')
#3 /Applications/XAMPP/xamppfiles/htdocs/NepalDatabasePlatform/app/Models/UploadModel.php(44): CodeIgniter\HTTP\Files\UploadedFile->move('/Applications/X...', 'temp_6299ed0381...')
#4 /Applications/XAMPP/xamppfiles/htdocs/NepalDatabasePlatform/app/Models/UploadModel.php(60): App\Models\UploadModel->upload('file', 'tmp/', 'temp_', Array)
#5 /Applications/XAMPP/xamppfiles/htdocs/NepalDatabasePlatform/app/Models/FileModel.php(28): App\Models\UploadModel->uploadTempFile('file', true)
#6 /Applications/XAMPP/xamppfiles/htdocs/NepalDatabasePlatform/app/Controllers/FileController.php(29): App\Models\FileModel->uploadImage()
#7 /Applications/XAMPP/xamppfiles/htdocs/NepalDatabasePlatform/system/CodeIgniter.php(831): App\Controllers\FileController->uploadImage()
#8 /Applications/XAMPP/xamppfiles/htdocs/NepalDatabasePlatform/system/CodeIgniter.php(418): CodeIgniter\CodeIgniter->runController(Object(App\Controllers\FileController))
#9 /Applications/XAMPP/xamppfiles/htdocs/NepalDatabasePlatform/system/CodeIgniter.php(325): CodeIgniter\CodeIgniter->handleRequest(NULL, Object(Config\Cache), false)
#10 /Applications/XAMPP/xamppfiles/htdocs/NepalDatabasePlatform/index.php(47): CodeIgniter\CodeIgniter->run()
#11 {main}
CRITICAL - 2022-06-03 16:59:29 --> mkdir(): Permission denied
#0 [internal function]: CodeIgniter\Debug\Exceptions->errorHandler(2, 'mkdir(): Permis...', '/Applications/X...', 176)
#1 /Applications/XAMPP/xamppfiles/htdocs/NepalDatabasePlatform/system/HTTP/Files/UploadedFile.php(176): mkdir('/Applications/X...', 511, true)
#2 /Applications/XAMPP/xamppfiles/htdocs/NepalDatabasePlatform/system/HTTP/Files/UploadedFile.php(130): CodeIgniter\HTTP\Files\UploadedFile->setPath('/Applications/X...')
#3 /Applications/XAMPP/xamppfiles/htdocs/NepalDatabasePlatform/app/Models/UploadModel.php(44): CodeIgniter\HTTP\Files\UploadedFile->move('/Applications/X...', 'temp_6299ed1581...')
#4 /Applications/XAMPP/xamppfiles/htdocs/NepalDatabasePlatform/app/Models/UploadModel.php(60): App\Models\UploadModel->upload('file', 'tmp/', 'temp_', Array)
#5 /Applications/XAMPP/xamppfiles/htdocs/NepalDatabasePlatform/app/Models/FileModel.php(28): App\Models\UploadModel->uploadTempFile('file', true)
#6 /Applications/XAMPP/xamppfiles/htdocs/NepalDatabasePlatform/app/Controllers/FileController.php(29): App\Models\FileModel->uploadImage()
#7 /Applications/XAMPP/xamppfiles/htdocs/NepalDatabasePlatform/system/CodeIgniter.php(831): App\Controllers\FileController->uploadImage()
#8 /Applications/XAMPP/xamppfiles/htdocs/NepalDatabasePlatform/system/CodeIgniter.php(418): CodeIgniter\CodeIgniter->runController(Object(App\Controllers\FileController))
#9 /Applications/XAMPP/xamppfiles/htdocs/NepalDatabasePlatform/system/CodeIgniter.php(325): CodeIgniter\CodeIgniter->handleRequest(NULL, Object(Config\Cache), false)
#10 /Applications/XAMPP/xamppfiles/htdocs/NepalDatabasePlatform/index.php(47): CodeIgniter\CodeIgniter->run()
#11 {main}
CRITICAL - 2022-06-03 17:00:21 --> mkdir(): Permission denied
#0 [internal function]: CodeIgniter\Debug\Exceptions->errorHandler(2, 'mkdir(): Permis...', '/Applications/X...', 176)
#1 /Applications/XAMPP/xamppfiles/htdocs/NepalDatabasePlatform/system/HTTP/Files/UploadedFile.php(176): mkdir('/Applications/X...', 511, true)
#2 /Applications/XAMPP/xamppfiles/htdocs/NepalDatabasePlatform/system/HTTP/Files/UploadedFile.php(130): CodeIgniter\HTTP\Files\UploadedFile->setPath('/Applications/X...')
#3 /Applications/XAMPP/xamppfiles/htdocs/NepalDatabasePlatform/app/Models/UploadModel.php(44): CodeIgniter\HTTP\Files\UploadedFile->move('/Applications/X...', 'temp_6299ed49b8...')
#4 /Applications/XAMPP/xamppfiles/htdocs/NepalDatabasePlatform/app/Models/UploadModel.php(60): App\Models\UploadModel->upload('file', 'tmp/', 'temp_', Array)
#5 /Applications/XAMPP/xamppfiles/htdocs/NepalDatabasePlatform/app/Models/FileModel.php(28): App\Models\UploadModel->uploadTempFile('file', true)
#6 /Applications/XAMPP/xamppfiles/htdocs/NepalDatabasePlatform/app/Controllers/FileController.php(29): App\Models\FileModel->uploadImage()
#7 /Applications/XAMPP/xamppfiles/htdocs/NepalDatabasePlatform/system/CodeIgniter.php(831): App\Controllers\FileController->uploadImage()
#8 /Applications/XAMPP/xamppfiles/htdocs/NepalDatabasePlatform/system/CodeIgniter.php(418): CodeIgniter\CodeIgniter->runController(Object(App\Controllers\FileController))
#9 /Applications/XAMPP/xamppfiles/htdocs/NepalDatabasePlatform/system/CodeIgniter.php(325): CodeIgniter\CodeIgniter->handleRequest(NULL, Object(Config\Cache), false)
#10 /Applications/XAMPP/xamppfiles/htdocs/NepalDatabasePlatform/index.php(47): CodeIgniter\CodeIgniter->run()
#11 {main}
CRITICAL - 2022-06-03 17:00:43 --> Image source not readable
#0 /Applications/XAMPP/xamppfiles/htdocs/NepalDatabasePlatform/app/ThirdParty/intervention-image/vendor/intervention/image/src/Intervention/Image/AbstractDriver.php(66): Intervention\Image\AbstractDecoder->init('/Applications/X...')
#1 /Applications/XAMPP/xamppfiles/htdocs/NepalDatabasePlatform/app/ThirdParty/intervention-image/vendor/intervention/image/src/Intervention/Image/ImageManager.php(54): Intervention\Image\AbstractDriver->init('/Applications/X...')
#2 /Applications/XAMPP/xamppfiles/htdocs/NepalDatabasePlatform/app/ThirdParty/intervention-image/vendor/intervention/image/src/Intervention/Image/ImageManagerStatic.php(58): Intervention\Image\ImageManager->make('/Applications/X...')
#3 /Applications/XAMPP/xamppfiles/htdocs/NepalDatabasePlatform/app/Models/UploadModel.php(92): Intervention\Image\ImageManagerStatic::make('/Applications/X...')
#4 /Applications/XAMPP/xamppfiles/htdocs/NepalDatabasePlatform/app/Models/FileModel.php(41): App\Models\UploadModel->uploadPostImage('tmp/temp_6299ed...', 'big')
#5 /Applications/XAMPP/xamppfiles/htdocs/NepalDatabasePlatform/app/Controllers/FileController.php(29): App\Models\FileModel->uploadImage()
#6 /Applications/XAMPP/xamppfiles/htdocs/NepalDatabasePlatform/system/CodeIgniter.php(831): App\Controllers\FileController->uploadImage()
#7 /Applications/XAMPP/xamppfiles/htdocs/NepalDatabasePlatform/system/CodeIgniter.php(418): CodeIgniter\CodeIgniter->runController(Object(App\Controllers\FileController))
#8 /Applications/XAMPP/xamppfiles/htdocs/NepalDatabasePlatform/system/CodeIgniter.php(325): CodeIgniter\CodeIgniter->handleRequest(NULL, Object(Config\Cache), false)
#9 /Applications/XAMPP/xamppfiles/htdocs/NepalDatabasePlatform/index.php(47): CodeIgniter\CodeIgniter->run()
#10 {main}
CRITICAL - 2022-06-03 17:03:48 --> rename(/Applications/XAMPP/xamppfiles/htdocs/NepalDatabasePlatform/tmp/temp_6299ee18d4bc18-06722585-97916878.gif,/Applications/XAMPP/xamppfiles/htdocs/NepalDatabasePlatform/uploads/images/202206/img_6299ee18d4cbd3-55737803-67839149.gif): No such file or directory
#0 [internal function]: CodeIgniter\Debug\Exceptions->errorHandler(2, 'rename(/Applica...', '/Applications/X...', 79)
#1 /Applications/XAMPP/xamppfiles/htdocs/NepalDatabasePlatform/app/Models/UploadModel.php(79): rename('/Applications/X...', '/Applications/X...')
#2 /Applications/XAMPP/xamppfiles/htdocs/NepalDatabasePlatform/app/Models/FileModel.php(31): App\Models\UploadModel->uploadGIF('temp_6299ee18d4...', 'images')
#3 /Applications/XAMPP/xamppfiles/htdocs/NepalDatabasePlatform/app/Controllers/FileController.php(29): App\Models\FileModel->uploadImage()
#4 /Applications/XAMPP/xamppfiles/htdocs/NepalDatabasePlatform/system/CodeIgniter.php(831): App\Controllers\FileController->uploadImage()
#5 /Applications/XAMPP/xamppfiles/htdocs/NepalDatabasePlatform/system/CodeIgniter.php(418): CodeIgniter\CodeIgniter->runController(Object(App\Controllers\FileController))
#6 /Applications/XAMPP/xamppfiles/htdocs/NepalDatabasePlatform/system/CodeIgniter.php(325): CodeIgniter\CodeIgniter->handleRequest(NULL, Object(Config\Cache), false)
#7 /Applications/XAMPP/xamppfiles/htdocs/NepalDatabasePlatform/index.php(47): CodeIgniter\CodeIgniter->run()
#8 {main}
CRITICAL - 2022-06-03 17:33:33 --> move_uploaded_file(/Applications/XAMPP/xamppfiles/htdocs/NepalDatabasePlatform/tmp/temp_6299f51168e746-93112855-44366121.png): Failed to open stream: No such file or directory
#0 [internal function]: CodeIgniter\Debug\Exceptions->errorHandler(2, 'move_uploaded_f...', '/Applications/X...', 51)
#1 /Applications/XAMPP/xamppfiles/htdocs/NepalDatabasePlatform/app/Models/GalleryModel.php(51): move_uploaded_file('/Applications/X...', '/Applications/X...')
#2 /Applications/XAMPP/xamppfiles/htdocs/NepalDatabasePlatform/app/Controllers/GalleryController.php(58): App\Models\GalleryModel->addImage()
#3 /Applications/XAMPP/xamppfiles/htdocs/NepalDatabasePlatform/system/CodeIgniter.php(831): App\Controllers\GalleryController->addImagePost()
#4 /Applications/XAMPP/xamppfiles/htdocs/NepalDatabasePlatform/system/CodeIgniter.php(418): CodeIgniter\CodeIgniter->runController(Object(App\Controllers\GalleryController))
#5 /Applications/XAMPP/xamppfiles/htdocs/NepalDatabasePlatform/system/CodeIgniter.php(325): CodeIgniter\CodeIgniter->handleRequest(NULL, Object(Config\Cache), false)
#6 /Applications/XAMPP/xamppfiles/htdocs/NepalDatabasePlatform/index.php(47): CodeIgniter\CodeIgniter->run()
#7 {main}
CRITICAL - 2022-06-03 18:44:58 --> Undefined variable $postImgURL
#0 /Applications/XAMPP/xamppfiles/htdocs/NepalDatabasePlatform/app/Views/admin/post/_upload_image_box.php(17): CodeIgniter\Debug\Exceptions->errorHandler(2, 'Undefined varia...', '/Applications/X...', 17)
#1 /Applications/XAMPP/xamppfiles/htdocs/NepalDatabasePlatform/system/View/View.php(210): include('/Applications/X...')
#2 /Applications/XAMPP/xamppfiles/htdocs/NepalDatabasePlatform/system/View/View.php(213): CodeIgniter\View\View->CodeIgniter\View\{closure}()
#3 /Applications/XAMPP/xamppfiles/htdocs/NepalDatabasePlatform/system/Common.php(1089): CodeIgniter\View\View->render('admin/post/_upl...', Array, true)
#4 /Applications/XAMPP/xamppfiles/htdocs/NepalDatabasePlatform/app/Views/admin/post/edit_article.php(34): view('admin/post/_upl...')
#5 /Applications/XAMPP/xamppfiles/htdocs/NepalDatabasePlatform/system/View/View.php(210): include('/Applications/X...')
#6 /Applications/XAMPP/xamppfiles/htdocs/NepalDatabasePlatform/system/View/View.php(213): CodeIgniter\View\View->CodeIgniter\View\{closure}()
#7 /Applications/XAMPP/xamppfiles/htdocs/NepalDatabasePlatform/system/Common.php(1089): CodeIgniter\View\View->render('admin/post/edit...', Array, true)
#8 /Applications/XAMPP/xamppfiles/htdocs/NepalDatabasePlatform/app/Controllers/PostController.php(169): view('admin/post/edit...', Array)
#9 /Applications/XAMPP/xamppfiles/htdocs/NepalDatabasePlatform/system/CodeIgniter.php(831): App\Controllers\PostController->editPost('3')
#10 /Applications/XAMPP/xamppfiles/htdocs/NepalDatabasePlatform/system/CodeIgniter.php(418): CodeIgniter\CodeIgniter->runController(Object(App\Controllers\PostController))
#11 /Applications/XAMPP/xamppfiles/htdocs/NepalDatabasePlatform/system/CodeIgniter.php(325): CodeIgniter\CodeIgniter->handleRequest(NULL, Object(Config\Cache), false)
#12 /Applications/XAMPP/xamppfiles/htdocs/NepalDatabasePlatform/index.php(47): CodeIgniter\CodeIgniter->run()
#13 {main}
CRITICAL - 2022-06-03 19:02:37 --> Image source not readable
#0 /Applications/XAMPP/xamppfiles/htdocs/NepalDatabasePlatform/app/ThirdParty/intervention-image/vendor/intervention/image/src/Intervention/Image/AbstractDriver.php(66): Intervention\Image\AbstractDecoder->init('tmp/temp_629a09...')
#1 /Applications/XAMPP/xamppfiles/htdocs/NepalDatabasePlatform/app/ThirdParty/intervention-image/vendor/intervention/image/src/Intervention/Image/ImageManager.php(54): Intervention\Image\AbstractDriver->init('tmp/temp_629a09...')
#2 /Applications/XAMPP/xamppfiles/htdocs/NepalDatabasePlatform/app/ThirdParty/intervention-image/vendor/intervention/image/src/Intervention/Image/ImageManagerStatic.php(58): Intervention\Image\ImageManager->make('tmp/temp_629a09...')
#3 /Applications/XAMPP/xamppfiles/htdocs/NepalDatabasePlatform/app/Models/UploadModel.php(151): Intervention\Image\ImageManagerStatic::make('tmp/temp_629a09...')
#4 /Applications/XAMPP/xamppfiles/htdocs/NepalDatabasePlatform/app/Models/ProfileModel.php(20): App\Models\UploadModel->uploadAvatar('1', 'tmp/temp_629a09...')
#5 /Applications/XAMPP/xamppfiles/htdocs/NepalDatabasePlatform/app/Controllers/ProfileController.php(117): App\Models\ProfileModel->editProfile(Array)
#6 /Applications/XAMPP/xamppfiles/htdocs/NepalDatabasePlatform/system/CodeIgniter.php(831): App\Controllers\ProfileController->editProfilePost()
#7 /Applications/XAMPP/xamppfiles/htdocs/NepalDatabasePlatform/system/CodeIgniter.php(418): CodeIgniter\CodeIgniter->runController(Object(App\Controllers\ProfileController))
#8 /Applications/XAMPP/xamppfiles/htdocs/NepalDatabasePlatform/system/CodeIgniter.php(325): CodeIgniter\CodeIgniter->handleRequest(NULL, Object(Config\Cache), false)
#9 /Applications/XAMPP/xamppfiles/htdocs/NepalDatabasePlatform/index.php(47): CodeIgniter\CodeIgniter->run()
#10 {main}
CRITICAL - 2022-06-03 19:09:26 --> fopen(tmp/temp_629a0b8a42eba0-39742769-85082467.csv): Failed to open stream: No such file or directory
#0 [internal function]: CodeIgniter\Debug\Exceptions->errorHandler(2, 'fopen(tmp/temp_...', '/Applications/X...', 761)
#1 /Applications/XAMPP/xamppfiles/htdocs/NepalDatabasePlatform/app/Models/PostAdminModel.php(761): fopen('tmp/temp_629a0b...', 'r')
#2 /Applications/XAMPP/xamppfiles/htdocs/NepalDatabasePlatform/app/Controllers/PostController.php(836): App\Models\PostAdminModel->generateCSVObject('tmp/temp_629a0b...')
#3 /Applications/XAMPP/xamppfiles/htdocs/NepalDatabasePlatform/system/CodeIgniter.php(831): App\Controllers\PostController->generateCSVObjectPost()
#4 /Applications/XAMPP/xamppfiles/htdocs/NepalDatabasePlatform/system/CodeIgniter.php(418): CodeIgniter\CodeIgniter->runController(Object(App\Controllers\PostController))
#5 /Applications/XAMPP/xamppfiles/htdocs/NepalDatabasePlatform/system/CodeIgniter.php(325): CodeIgniter\CodeIgniter->handleRequest(NULL, Object(Config\Cache), false)
#6 /Applications/XAMPP/xamppfiles/htdocs/NepalDatabasePlatform/index.php(47): CodeIgniter\CodeIgniter->run()
#7 {main}
CRITICAL - 2022-06-03 19:11:58 --> fopen(tmp/temp_629a0c224d3590-32153263-82988949.csv): Failed to open stream: No such file or directory
#0 [internal function]: CodeIgniter\Debug\Exceptions->errorHandler(2, 'fopen(tmp/temp_...', '/Applications/X...', 761)
#1 /Applications/XAMPP/xamppfiles/htdocs/NepalDatabasePlatform/app/Models/PostAdminModel.php(761): fopen('tmp/temp_629a0c...', 'r')
#2 /Applications/XAMPP/xamppfiles/htdocs/NepalDatabasePlatform/app/Controllers/PostController.php(836): App\Models\PostAdminModel->generateCSVObject('tmp/temp_629a0c...')
#3 /Applications/XAMPP/xamppfiles/htdocs/NepalDatabasePlatform/system/CodeIgniter.php(831): App\Controllers\PostController->generateCSVObjectPost()
#4 /Applications/XAMPP/xamppfiles/htdocs/NepalDatabasePlatform/system/CodeIgniter.php(418): CodeIgniter\CodeIgniter->runController(Object(App\Controllers\PostController))
#5 /Applications/XAMPP/xamppfiles/htdocs/NepalDatabasePlatform/system/CodeIgniter.php(325): CodeIgniter\CodeIgniter->handleRequest(NULL, Object(Config\Cache), false)
#6 /Applications/XAMPP/xamppfiles/htdocs/NepalDatabasePlatform/index.php(47): CodeIgniter\CodeIgniter->run()
#7 {main}
