ERROR - 2022-06-04 03:07:00 --> Error connecting to the database: Access denied for user '****'@'localhost' (using password: YES)
CRITICAL - 2022-06-04 03:07:00 --> Unable to connect to the database.
Main connection [MySQLi]: Access denied for user '****'@'localhost' (using password: YES)
#0 /Applications/XAMPP/xamppfiles/htdocs/NepalDatabasePlatform/system/Session/Handlers/DatabaseHandler.php(94): CodeIgniter\Database\BaseConnection->initialize()
#1 [internal function]: CodeIgniter\Session\Handlers\DatabaseHandler->open('ci_sessions', 'ci_session')
#2 /Applications/XAMPP/xamppfiles/htdocs/NepalDatabasePlatform/system/Session/Session.php(894): session_start()
#3 /Applications/XAMPP/xamppfiles/htdocs/NepalDatabasePlatform/system/Session/Session.php(238): CodeIgniter\Session\Session->startSession()
#4 /Applications/XAMPP/xamppfiles/htdocs/NepalDatabasePlatform/system/Config/Services.php(577): CodeIgniter\Session\Session->start()
#5 /Applications/XAMPP/xamppfiles/htdocs/NepalDatabasePlatform/system/Config/BaseService.php(248): CodeIgniter\Config\Services::session(Object(Config\App), false)
#6 /Applications/XAMPP/xamppfiles/htdocs/NepalDatabasePlatform/system/Config/BaseService.php(189): CodeIgniter\Config\BaseService::__callStatic('session', Array)
#7 /Applications/XAMPP/xamppfiles/htdocs/NepalDatabasePlatform/system/Config/Services.php(563): CodeIgniter\Config\BaseService::getSharedInstance('session', NULL)
#8 /Applications/XAMPP/xamppfiles/htdocs/NepalDatabasePlatform/system/Config/BaseService.php(248): CodeIgniter\Config\Services::session()
#9 /Applications/XAMPP/xamppfiles/htdocs/NepalDatabasePlatform/app/Config/Globals.php(27): CodeIgniter\Config\BaseService::__callStatic('session', Array)
#10 /Applications/XAMPP/xamppfiles/htdocs/NepalDatabasePlatform/app/Config/Globals.php(108): Config\Globals::setGlobals()
#11 /Applications/XAMPP/xamppfiles/htdocs/NepalDatabasePlatform/system/Autoloader/Autoloader.php(264): include_once('/Applications/X...')
#12 /Applications/XAMPP/xamppfiles/htdocs/NepalDatabasePlatform/system/Autoloader/Autoloader.php(241): CodeIgniter\Autoloader\Autoloader->includeFile('/Applications/X...')
#13 /Applications/XAMPP/xamppfiles/htdocs/NepalDatabasePlatform/system/Autoloader/Autoloader.php(219): CodeIgniter\Autoloader\Autoloader->loadInNamespace('Config\\Globals')
#14 /Applications/XAMPP/xamppfiles/htdocs/NepalDatabasePlatform/app/Config/Routes.php(7): CodeIgniter\Autoloader\Autoloader->loadClass('Config\\Globals')
#15 /Applications/XAMPP/xamppfiles/htdocs/NepalDatabasePlatform/system/CodeIgniter.php(712): require('/Applications/X...')
#16 /Applications/XAMPP/xamppfiles/htdocs/NepalDatabasePlatform/system/CodeIgniter.php(367): CodeIgniter\CodeIgniter->tryToRouteIt(Object(CodeIgniter\Router\RouteCollection))
#17 /Applications/XAMPP/xamppfiles/htdocs/NepalDatabasePlatform/system/CodeIgniter.php(325): CodeIgniter\CodeIgniter->handleRequest(NULL, Object(Config\Cache), false)
#18 /Applications/XAMPP/xamppfiles/htdocs/NepalDatabasePlatform/index.php(47): CodeIgniter\CodeIgniter->run()
#19 {main}
CRITICAL - 2022-06-04 14:25:29 --> File not found: {0}
#0 /Applications/XAMPP/xamppfiles/htdocs/NepalDatabasePlatform/system/Files/File.php(46): CodeIgniter\Files\Exceptions\FileNotFoundException::forFileNotFound('http://localhos...')
#1 /Applications/XAMPP/xamppfiles/htdocs/NepalDatabasePlatform/system/HTTP/DownloadResponse.php(107): CodeIgniter\Files\File->__construct('http://localhos...', true)
#2 /Applications/XAMPP/xamppfiles/htdocs/NepalDatabasePlatform/system/HTTP/ResponseTrait.php(774): CodeIgniter\HTTP\DownloadResponse->setFilePath('http://localhos...')
#3 /Applications/XAMPP/xamppfiles/htdocs/NepalDatabasePlatform/app/Controllers/CommonController.php(98): CodeIgniter\HTTP\Response->download('csv_example.csv', NULL)
#4 /Applications/XAMPP/xamppfiles/htdocs/NepalDatabasePlatform/system/CodeIgniter.php(831): App\Controllers\CommonController->downloadFile()
#5 /Applications/XAMPP/xamppfiles/htdocs/NepalDatabasePlatform/system/CodeIgniter.php(418): CodeIgniter\CodeIgniter->runController(Object(App\Controllers\CommonController))
#6 /Applications/XAMPP/xamppfiles/htdocs/NepalDatabasePlatform/system/CodeIgniter.php(325): CodeIgniter\CodeIgniter->handleRequest(NULL, Object(Config\Cache), false)
#7 /Applications/XAMPP/xamppfiles/htdocs/NepalDatabasePlatform/index.php(47): CodeIgniter\CodeIgniter->run()
#8 {main}
